Archive:  kodexplorer4.34.zip
   creating: /var/www/html/app/
   creating: /var/www/html/app/core/
  inflating: /var/www/html/app/core/Application.class.php  
  inflating: /var/www/html/app/core/Model.class.php  
  inflating: /var/www/html/app/core/Controller.class.php  
   creating: /var/www/html/app/sdks/
  inflating: /var/www/html/app/sdks/lessc.class.php  
   creating: /var/www/html/app/sdks/MyCaptcha_fonts/
  inflating: /var/www/html/app/sdks/MyCaptcha_fonts/font_1.png  
  inflating: /var/www/html/app/sdks/MyCaptcha_fonts/font_3.png  
  inflating: /var/www/html/app/sdks/MyCaptcha_fonts/font_2.png  
  inflating: /var/www/html/app/sdks/QRcode.class.php  
  inflating: /var/www/html/app/sdks/MyCaptcha.class.php  
   creating: /var/www/html/app/template/
   creating: /var/www/html/app/template/app/
  inflating: /var/www/html/app/template/app/index.html  
   creating: /var/www/html/app/template/explorer/
  inflating: /var/www/html/app/template/explorer/explorerWap.html  
  inflating: /var/www/html/app/template/explorer/index.html  
  inflating: /var/www/html/app/template/explorer/content.html  
   creating: /var/www/html/app/template/desktop/
  inflating: /var/www/html/app/template/desktop/index.html  
   creating: /var/www/html/app/template/user/
  inflating: /var/www/html/app/template/user/install.html  
  inflating: /var/www/html/app/template/user/license.html  
  inflating: /var/www/html/app/template/user/login.html  
  inflating: /var/www/html/app/template/user/loginWap.html  
   creating: /var/www/html/app/template/common/
  inflating: /var/www/html/app/template/common/navbarShare.html  
  inflating: /var/www/html/app/template/common/navbar.html  
  inflating: /var/www/html/app/template/common/showTips.html  
  inflating: /var/www/html/app/template/common/footer.html  
  inflating: /var/www/html/app/template/common/header.html  
  inflating: /var/www/html/app/template/common/footerCommon.html  
   creating: /var/www/html/app/template/api/
  inflating: /var/www/html/app/template/api/view.html  
   creating: /var/www/html/app/template/setting/
  inflating: /var/www/html/app/template/setting/index.html  
   creating: /var/www/html/app/template/editor/
  inflating: /var/www/html/app/template/editor/editor.html  
  inflating: /var/www/html/app/template/editor/edit.html  
   creating: /var/www/html/app/template/pluginApp/
  inflating: /var/www/html/app/template/pluginApp/index.html  
   creating: /var/www/html/app/template/share/
  inflating: /var/www/html/app/template/share/explorerWap.html  
  inflating: /var/www/html/app/template/share/explorer.html  
  inflating: /var/www/html/app/template/share/editor.html  
  inflating: /var/www/html/app/template/share/edit.html  
  inflating: /var/www/html/app/template/share/file.html  
  inflating: /var/www/html/app/template/share/tips.html  
   creating: /var/www/html/app/kod/
  inflating: /var/www/html/app/kod/KodArchive.class.php  
  inflating: /var/www/html/app/kod/Mcrypt.class.php  
  inflating: /var/www/html/app/kod/FileCache.class.php  
   creating: /var/www/html/app/kod/io/
   creating: /var/www/html/app/kod/archiveLib/
  inflating: /var/www/html/app/kod/archiveLib/pcltar.lib.php  
  inflating: /var/www/html/app/kod/archiveLib/pclerror.lib.php  
   creating: /var/www/html/app/kod/archiveLib/bin/
  inflating: /var/www/html/app/kod/archiveLib/bin/7z.exe  
  inflating: /var/www/html/app/kod/archiveLib/bin/rar  
  inflating: /var/www/html/app/kod/archiveLib/bin/rar.exe  
  inflating: /var/www/html/app/kod/archiveLib/bin/7z  
  inflating: /var/www/html/app/kod/archiveLib/pclzip.class.php  
  inflating: /var/www/html/app/kod/archiveLib/kodRarArchive.class.php  
  inflating: /var/www/html/app/kod/archiveLib/pcltrace.lib.php  
  inflating: /var/www/html/app/kod/Hook.class.php  
  inflating: /var/www/html/app/kod/Downloader.class.php  
  inflating: /var/www/html/app/kod/I18n.class.php  
  inflating: /var/www/html/app/kod/imageGdBMP.class.php  
  inflating: /var/www/html/app/kod/ImageThumb.class.php  
  inflating: /var/www/html/app/kod/PluginBase.class.php  
   creating: /var/www/html/app/function/
  inflating: /var/www/html/app/function/web.function.php  
  inflating: /var/www/html/app/function/common.function.php  
   creating: /var/www/html/app/function/others/
  inflating: /var/www/html/app/function/others/JSON.php  
  inflating: /var/www/html/app/function/helper.function.php  
  inflating: /var/www/html/app/function/file.function.php  
   creating: /var/www/html/app/controller/
  inflating: /var/www/html/app/controller/systemRole.class.php  
  inflating: /var/www/html/app/controller/api.class.php  
  inflating: /var/www/html/app/controller/share.class.php  
  inflating: /var/www/html/app/controller/user.class.php  
  inflating: /var/www/html/app/controller/app.class.php  
  inflating: /var/www/html/app/controller/userShare.class.php  
  inflating: /var/www/html/app/controller/explorer.class.php  
  inflating: /var/www/html/app/controller/systemMember.class.php  
  inflating: /var/www/html/app/controller/setting.class.php  
  inflating: /var/www/html/app/controller/desktop.class.php  
  inflating: /var/www/html/app/controller/systemGroup.class.php  
  inflating: /var/www/html/app/controller/pluginApp.class.php  
  inflating: /var/www/html/app/controller/utils.php  
  inflating: /var/www/html/app/controller/editor.class.php  
  inflating: /var/www/html/app/controller/fav.class.php  
   creating: /var/www/html/app/model/
  inflating: /var/www/html/app/model/PluginModel.class.php  
  inflating: /var/www/html/app/model/ConfigModel.class .php  
   creating: /var/www/html/app/api/
  inflating: /var/www/html/app/api/sso.class.php  
  inflating: /var/www/html/index.php  
  inflating: /var/www/html/ChangeLog.md  
   creating: /var/www/html/config/
  inflating: /var/www/html/config/config.php  
  inflating: /var/www/html/config/version.php  
   creating: /var/www/html/config/i18n/
   creating: /var/www/html/config/i18n/sl/
  inflating: /var/www/html/config/i18n/sl/help.html  
  inflating: /var/www/html/config/i18n/sl/main.php  
  inflating: /var/www/html/config/i18n/sl/about.html  
  inflating: /var/www/html/config/i18n/sl/edit.html  
   creating: /var/www/html/config/i18n/sk/
  inflating: /var/www/html/config/i18n/sk/help.html  
  inflating: /var/www/html/config/i18n/sk/main.php  
  inflating: /var/www/html/config/i18n/sk/about.html  
  inflating: /var/www/html/config/i18n/sk/edit.html  
   creating: /var/www/html/config/i18n/uz/
  inflating: /var/www/html/config/i18n/uz/help.html  
  inflating: /var/www/html/config/i18n/uz/main.php  
  inflating: /var/www/html/config/i18n/uz/about.html  
  inflating: /var/www/html/config/i18n/uz/edit.html  
   creating: /var/www/html/config/i18n/pl/
  inflating: /var/www/html/config/i18n/pl/help.html  
  inflating: /var/www/html/config/i18n/pl/main.php  
  inflating: /var/www/html/config/i18n/pl/about.html  
  inflating: /var/www/html/config/i18n/pl/edit.html  
   creating: /var/www/html/config/i18n/vi/
  inflating: /var/www/html/config/i18n/vi/help.html  
  inflating: /var/www/html/config/i18n/vi/main.php  
  inflating: /var/www/html/config/i18n/vi/about.html  
  inflating: /var/www/html/config/i18n/vi/edit.html  
   creating: /var/www/html/config/i18n/sv/
  inflating: /var/www/html/config/i18n/sv/help.html  
  inflating: /var/www/html/config/i18n/sv/main.php  
  inflating: /var/www/html/config/i18n/sv/about.html  
  inflating: /var/www/html/config/i18n/sv/edit.html  
   creating: /var/www/html/config/i18n/da/
  inflating: /var/www/html/config/i18n/da/help.html  
  inflating: /var/www/html/config/i18n/da/main.php  
  inflating: /var/www/html/config/i18n/da/about.html  
  inflating: /var/www/html/config/i18n/da/edit.html  
   creating: /var/www/html/config/i18n/no/
  inflating: /var/www/html/config/i18n/no/help.html  
  inflating: /var/www/html/config/i18n/no/main.php  
  inflating: /var/www/html/config/i18n/no/about.html  
  inflating: /var/www/html/config/i18n/no/edit.html  
   creating: /var/www/html/config/i18n/ja/
  inflating: /var/www/html/config/i18n/ja/help.html  
  inflating: /var/www/html/config/i18n/ja/main.php  
  inflating: /var/www/html/config/i18n/ja/about.html  
  inflating: /var/www/html/config/i18n/ja/edit.html  
   creating: /var/www/html/config/i18n/el/
  inflating: /var/www/html/config/i18n/el/help.html  
  inflating: /var/www/html/config/i18n/el/main.php  
  inflating: /var/www/html/config/i18n/el/about.html  
  inflating: /var/www/html/config/i18n/el/edit.html  
   creating: /var/www/html/config/i18n/it/
  inflating: /var/www/html/config/i18n/it/help.html  
  inflating: /var/www/html/config/i18n/it/main.php  
  inflating: /var/www/html/config/i18n/it/about.html  
  inflating: /var/www/html/config/i18n/it/edit.html  
   creating: /var/www/html/config/i18n/ca/
  inflating: /var/www/html/config/i18n/ca/help.html  
  inflating: /var/www/html/config/i18n/ca/main.php  
  inflating: /var/www/html/config/i18n/ca/about.html  
  inflating: /var/www/html/config/i18n/ca/edit.html  
   creating: /var/www/html/config/i18n/cs/
  inflating: /var/www/html/config/i18n/cs/help.html  
  inflating: /var/www/html/config/i18n/cs/main.php  
  inflating: /var/www/html/config/i18n/cs/about.html  
  inflating: /var/www/html/config/i18n/cs/edit.html  
   creating: /var/www/html/config/i18n/ru/
  inflating: /var/www/html/config/i18n/ru/help.html  
  inflating: /var/www/html/config/i18n/ru/main.php  
  inflating: /var/www/html/config/i18n/ru/about.html  
  inflating: /var/www/html/config/i18n/ru/edit.html  
   creating: /var/www/html/config/i18n/ro/
  inflating: /var/www/html/config/i18n/ro/help.html  
  inflating: /var/www/html/config/i18n/ro/main.php  
  inflating: /var/www/html/config/i18n/ro/about.html  
  inflating: /var/www/html/config/i18n/ro/edit.html  
   creating: /var/www/html/config/i18n/zh-CN/
  inflating: /var/www/html/config/i18n/zh-CN/help.html  
  inflating: /var/www/html/config/i18n/zh-CN/main.php  
  inflating: /var/www/html/config/i18n/zh-CN/about.html  
  inflating: /var/www/html/config/i18n/zh-CN/edit.html  
   creating: /var/www/html/config/i18n/pt/
  inflating: /var/www/html/config/i18n/pt/help.html  
  inflating: /var/www/html/config/i18n/pt/main.php  
  inflating: /var/www/html/config/i18n/pt/about.html  
  inflating: /var/www/html/config/i18n/pt/edit.html  
   creating: /var/www/html/config/i18n/uk/
  inflating: /var/www/html/config/i18n/uk/help.html  
  inflating: /var/www/html/config/i18n/uk/main.php  
  inflating: /var/www/html/config/i18n/uk/about.html  
  inflating: /var/www/html/config/i18n/uk/edit.html  
   creating: /var/www/html/config/i18n/sr/
  inflating: /var/www/html/config/i18n/sr/help.html  
  inflating: /var/www/html/config/i18n/sr/main.php  
  inflating: /var/www/html/config/i18n/sr/about.html  
  inflating: /var/www/html/config/i18n/sr/edit.html  
   creating: /var/www/html/config/i18n/si/
  inflating: /var/www/html/config/i18n/si/help.html  
  inflating: /var/www/html/config/i18n/si/main.php  
  inflating: /var/www/html/config/i18n/si/about.html  
  inflating: /var/www/html/config/i18n/si/edit.html  
   creating: /var/www/html/config/i18n/zh-TW/
  inflating: /var/www/html/config/i18n/zh-TW/help.html  
  inflating: /var/www/html/config/i18n/zh-TW/main.php  
  inflating: /var/www/html/config/i18n/zh-TW/about.html  
  inflating: /var/www/html/config/i18n/zh-TW/edit.html  
   creating: /var/www/html/config/i18n/ar/
  inflating: /var/www/html/config/i18n/ar/help.html  
  inflating: /var/www/html/config/i18n/ar/main.php  
  inflating: /var/www/html/config/i18n/ar/about.html  
  inflating: /var/www/html/config/i18n/ar/edit.html  
   creating: /var/www/html/config/i18n/gl/
  inflating: /var/www/html/config/i18n/gl/help.html  
  inflating: /var/www/html/config/i18n/gl/main.php  
  inflating: /var/www/html/config/i18n/gl/about.html  
  inflating: /var/www/html/config/i18n/gl/edit.html  
   creating: /var/www/html/config/i18n/hr/
  inflating: /var/www/html/config/i18n/hr/help.html  
  inflating: /var/www/html/config/i18n/hr/main.php  
  inflating: /var/www/html/config/i18n/hr/about.html  
  inflating: /var/www/html/config/i18n/hr/edit.html  
   creating: /var/www/html/config/i18n/hu/
  inflating: /var/www/html/config/i18n/hu/help.html  
  inflating: /var/www/html/config/i18n/hu/main.php  
  inflating: /var/www/html/config/i18n/hu/about.html  
  inflating: /var/www/html/config/i18n/hu/edit.html  
   creating: /var/www/html/config/i18n/nl/
  inflating: /var/www/html/config/i18n/nl/help.html  
  inflating: /var/www/html/config/i18n/nl/main.php  
  inflating: /var/www/html/config/i18n/nl/about.html  
  inflating: /var/www/html/config/i18n/nl/edit.html  
   creating: /var/www/html/config/i18n/bg/
  inflating: /var/www/html/config/i18n/bg/help.html  
  inflating: /var/www/html/config/i18n/bg/main.php  
  inflating: /var/www/html/config/i18n/bg/about.html  
  inflating: /var/www/html/config/i18n/bg/edit.html  
   creating: /var/www/html/config/i18n/bn/
  inflating: /var/www/html/config/i18n/bn/help.html  
  inflating: /var/www/html/config/i18n/bn/main.php  
  inflating: /var/www/html/config/i18n/bn/about.html  
  inflating: /var/www/html/config/i18n/bn/edit.html  
   creating: /var/www/html/config/i18n/hi/
  inflating: /var/www/html/config/i18n/hi/help.html  
  inflating: /var/www/html/config/i18n/hi/main.php  
  inflating: /var/www/html/config/i18n/hi/about.html  
  inflating: /var/www/html/config/i18n/hi/edit.html  
   creating: /var/www/html/config/i18n/de/
  inflating: /var/www/html/config/i18n/de/help.html  
  inflating: /var/www/html/config/i18n/de/main.php  
  inflating: /var/www/html/config/i18n/de/about.html  
  inflating: /var/www/html/config/i18n/de/edit.html  
   creating: /var/www/html/config/i18n/ko/
  inflating: /var/www/html/config/i18n/ko/help.html  
  inflating: /var/www/html/config/i18n/ko/main.php  
  inflating: /var/www/html/config/i18n/ko/about.html  
  inflating: /var/www/html/config/i18n/ko/edit.html  
   creating: /var/www/html/config/i18n/fi/
  inflating: /var/www/html/config/i18n/fi/help.html  
  inflating: /var/www/html/config/i18n/fi/main.php  
  inflating: /var/www/html/config/i18n/fi/about.html  
  inflating: /var/www/html/config/i18n/fi/edit.html  
   creating: /var/www/html/config/i18n/id/
  inflating: /var/www/html/config/i18n/id/help.html  
  inflating: /var/www/html/config/i18n/id/main.php  
  inflating: /var/www/html/config/i18n/id/about.html  
  inflating: /var/www/html/config/i18n/id/edit.html  
   creating: /var/www/html/config/i18n/fr/
  inflating: /var/www/html/config/i18n/fr/help.html  
  inflating: /var/www/html/config/i18n/fr/main.php  
  inflating: /var/www/html/config/i18n/fr/about.html  
  inflating: /var/www/html/config/i18n/fr/edit.html  
   creating: /var/www/html/config/i18n/es/
  inflating: /var/www/html/config/i18n/es/help.html  
  inflating: /var/www/html/config/i18n/es/main.php  
  inflating: /var/www/html/config/i18n/es/about.html  
  inflating: /var/www/html/config/i18n/es/edit.html  
   creating: /var/www/html/config/i18n/et/
  inflating: /var/www/html/config/i18n/et/help.html  
  inflating: /var/www/html/config/i18n/et/main.php  
  inflating: /var/www/html/config/i18n/et/about.html  
  inflating: /var/www/html/config/i18n/et/edit.html  
   creating: /var/www/html/config/i18n/en/
  inflating: /var/www/html/config/i18n/en/help.html  
  inflating: /var/www/html/config/i18n/en/main.php  
  inflating: /var/www/html/config/i18n/en/about.html  
  inflating: /var/www/html/config/i18n/en/edit.html  
   creating: /var/www/html/config/i18n/fa/
  inflating: /var/www/html/config/i18n/fa/help.html  
  inflating: /var/www/html/config/i18n/fa/main.php  
  inflating: /var/www/html/config/i18n/fa/about.html  
  inflating: /var/www/html/config/i18n/fa/edit.html  
   creating: /var/www/html/config/i18n/lt/
  inflating: /var/www/html/config/i18n/lt/help.html  
  inflating: /var/www/html/config/i18n/lt/main.php  
  inflating: /var/www/html/config/i18n/lt/about.html  
  inflating: /var/www/html/config/i18n/lt/edit.html  
   creating: /var/www/html/config/i18n/ta/
  inflating: /var/www/html/config/i18n/ta/help.html  
  inflating: /var/www/html/config/i18n/ta/main.php  
  inflating: /var/www/html/config/i18n/ta/about.html  
  inflating: /var/www/html/config/i18n/ta/edit.html  
   creating: /var/www/html/config/i18n/th/
  inflating: /var/www/html/config/i18n/th/help.html  
  inflating: /var/www/html/config/i18n/th/main.php  
  inflating: /var/www/html/config/i18n/th/about.html  
  inflating: /var/www/html/config/i18n/th/edit.html  
   creating: /var/www/html/config/i18n/tr/
  inflating: /var/www/html/config/i18n/tr/help.html  
  inflating: /var/www/html/config/i18n/tr/main.php  
  inflating: /var/www/html/config/i18n/tr/about.html  
  inflating: /var/www/html/config/i18n/tr/edit.html  
  inflating: /var/www/html/config/setting.php  
   creating: /var/www/html/plugins/
   creating: /var/www/html/plugins/simpleClock/
  inflating: /var/www/html/plugins/simpleClock/app.php  
  inflating: /var/www/html/plugins/simpleClock/package.json  
   creating: /var/www/html/plugins/simpleClock/static/
  inflating: /var/www/html/plugins/simpleClock/static/page.html  
  inflating: /var/www/html/plugins/simpleClock/static/page.js  
  inflating: /var/www/html/plugins/simpleClock/static/page.css  
  inflating: /var/www/html/plugins/simpleClock/static/main.js  
   creating: /var/www/html/plugins/imageExif/
  inflating: /var/www/html/plugins/imageExif/app.php  
  inflating: /var/www/html/plugins/imageExif/package.json  
   creating: /var/www/html/plugins/imageExif/static/
  inflating: /var/www/html/plugins/imageExif/static/main.js  
   creating: /var/www/html/plugins/imageExif/i18n/
  inflating: /var/www/html/plugins/imageExif/i18n/zh-CN.php  
  inflating: /var/www/html/plugins/imageExif/i18n/en.php  
   creating: /var/www/html/plugins/adminer/
   creating: /var/www/html/plugins/adminer/adminer/
  inflating: /var/www/html/plugins/adminer/adminer/index.php  
  inflating: /var/www/html/plugins/adminer/adminer/adminer.css  
  inflating: /var/www/html/plugins/adminer/app.php  
  inflating: /var/www/html/plugins/adminer/package.json  
   creating: /var/www/html/plugins/adminer/static/
  inflating: /var/www/html/plugins/adminer/static/screenshot.png  
   creating: /var/www/html/plugins/adminer/i18n/
  inflating: /var/www/html/plugins/adminer/i18n/zh-CN.php  
  inflating: /var/www/html/plugins/adminer/i18n/en.php  
   creating: /var/www/html/plugins/toolsCommon/
  inflating: /var/www/html/plugins/toolsCommon/app.php  
  inflating: /var/www/html/plugins/toolsCommon/package.json  
   creating: /var/www/html/plugins/toolsCommon/static/
   creating: /var/www/html/plugins/toolsCommon/static/file_icon/
  inflating: /var/www/html/plugins/toolsCommon/static/file_icon/vue.png  
   creating: /var/www/html/plugins/toolsCommon/static/pie/
  inflating: /var/www/html/plugins/toolsCommon/static/pie/pie.htc  
  inflating: /var/www/html/plugins/toolsCommon/static/pie/.pie.tif  
  inflating: /var/www/html/plugins/toolsCommon/static/pie/pie.css  
  inflating: /var/www/html/plugins/toolsCommon/static/main.js  
   creating: /var/www/html/plugins/DPlayer/
  inflating: /var/www/html/plugins/DPlayer/app.php  
  inflating: /var/www/html/plugins/DPlayer/package.json  
   creating: /var/www/html/plugins/DPlayer/static/
   creating: /var/www/html/plugins/DPlayer/static/DPlayer/
  inflating: /var/www/html/plugins/DPlayer/static/DPlayer/DPlayer.min.js  
   creating: /var/www/html/plugins/DPlayer/static/DPlayer/lib/
  inflating: /var/www/html/plugins/DPlayer/static/DPlayer/lib/flv.min.js  
  inflating: /var/www/html/plugins/DPlayer/static/DPlayer/lib/hls.min.js  
  inflating: /var/www/html/plugins/DPlayer/static/DPlayer/lib/dash.all.min.js  
  inflating: /var/www/html/plugins/DPlayer/static/DPlayer/lib/webtorrent.min.js  
  inflating: /var/www/html/plugins/DPlayer/static/DPlayer/DPlayer.min.css  
  inflating: /var/www/html/plugins/DPlayer/static/page.js  
   creating: /var/www/html/plugins/DPlayer/static/images/
  inflating: /var/www/html/plugins/DPlayer/static/images/icon.png  
  inflating: /var/www/html/plugins/DPlayer/static/main.js  
   creating: /var/www/html/plugins/yzOffice/
  inflating: /var/www/html/plugins/yzOffice/app.php  
   creating: /var/www/html/plugins/yzOffice/php/
  inflating: /var/www/html/plugins/yzOffice/php/yzOffice.class.php  
  inflating: /var/www/html/plugins/yzOffice/php/yzOffice2.class.php  
   creating: /var/www/html/plugins/yzOffice/php/assign/
  inflating: /var/www/html/plugins/yzOffice/php/assign/header.php  
  inflating: /var/www/html/plugins/yzOffice/php/assign/footer.php  
  inflating: /var/www/html/plugins/yzOffice/php/template.php  
  inflating: /var/www/html/plugins/yzOffice/package.json  
   creating: /var/www/html/plugins/yzOffice/static/
   creating: /var/www/html/plugins/yzOffice/static/images/
  inflating: /var/www/html/plugins/yzOffice/static/images/icon.png  
  inflating: /var/www/html/plugins/yzOffice/static/main.js  
   creating: /var/www/html/plugins/yzOffice/i18n/
  inflating: /var/www/html/plugins/yzOffice/i18n/zh-CN.php  
  inflating: /var/www/html/plugins/yzOffice/i18n/en.php  
   creating: /var/www/html/plugins/picasa/
  inflating: /var/www/html/plugins/picasa/app.php  
  inflating: /var/www/html/plugins/picasa/package.json  
   creating: /var/www/html/plugins/picasa/static/
  inflating: /var/www/html/plugins/picasa/static/page.js  
   creating: /var/www/html/plugins/picasa/static/picasa/
   creating: /var/www/html/plugins/picasa/static/picasa/style/
  inflating: /var/www/html/plugins/picasa/static/picasa/style/Picasa_Button.gif  
  inflating: /var/www/html/plugins/picasa/static/picasa/style/loading.gif  
  inflating: /var/www/html/plugins/picasa/static/picasa/style/style.css  
  inflating: /var/www/html/plugins/picasa/static/picasa/picasa.js  
  inflating: /var/www/html/plugins/picasa/static/main.js  
   creating: /var/www/html/plugins/webodf/
  inflating: /var/www/html/plugins/webodf/app.php  
   creating: /var/www/html/plugins/webodf/php/
  inflating: /var/www/html/plugins/webodf/php/template.php  
  inflating: /var/www/html/plugins/webodf/package.json  
   creating: /var/www/html/plugins/webodf/static/
   creating: /var/www/html/plugins/webodf/static/images/
  inflating: /var/www/html/plugins/webodf/static/images/screenshot1.png  
  inflating: /var/www/html/plugins/webodf/static/images/screenshot2.png  
  inflating: /var/www/html/plugins/webodf/static/main.js  
  inflating: /var/www/html/plugins/webodf/static/webodf.js  
   creating: /var/www/html/plugins/officeLive/
  inflating: /var/www/html/plugins/officeLive/app.php  
  inflating: /var/www/html/plugins/officeLive/package.json  
   creating: /var/www/html/plugins/officeLive/static/
   creating: /var/www/html/plugins/officeLive/static/images/
  inflating: /var/www/html/plugins/officeLive/static/images/icon.png  
  inflating: /var/www/html/plugins/officeLive/static/main.js  
   creating: /var/www/html/plugins/officeLive/i18n/
  inflating: /var/www/html/plugins/officeLive/i18n/zh-CN.php  
  inflating: /var/www/html/plugins/officeLive/i18n/en.php  
   creating: /var/www/html/plugins/photoSwipe/
  inflating: /var/www/html/plugins/photoSwipe/app.php  
  inflating: /var/www/html/plugins/photoSwipe/package.json  
   creating: /var/www/html/plugins/photoSwipe/static/
  inflating: /var/www/html/plugins/photoSwipe/static/page.js  
   creating: /var/www/html/plugins/photoSwipe/static/PhotoSwipe/
  inflating: /var/www/html/plugins/photoSwipe/static/PhotoSwipe/photoswipe.css  
  inflating: /var/www/html/plugins/photoSwipe/static/PhotoSwipe/photoswipe-ui-default.min.js  
   creating: /var/www/html/plugins/photoSwipe/static/PhotoSwipe/default-skin/
  inflating: /var/www/html/plugins/photoSwipe/static/PhotoSwipe/default-skin/preloader.gif  
  inflating: /var/www/html/plugins/photoSwipe/static/PhotoSwipe/default-skin/default-skin.css  
  inflating: /var/www/html/plugins/photoSwipe/static/PhotoSwipe/default-skin/default-skin.svg  
  inflating: /var/www/html/plugins/photoSwipe/static/PhotoSwipe/default-skin/default-skin.png  
  inflating: /var/www/html/plugins/photoSwipe/static/PhotoSwipe/photoswipe.min.js  
  inflating: /var/www/html/plugins/photoSwipe/static/PhotoSwipe/photoSwipe.html  
  inflating: /var/www/html/plugins/photoSwipe/static/main.js  
   creating: /var/www/html/plugins/VLCPlayer/
  inflating: /var/www/html/plugins/VLCPlayer/app.php  
  inflating: /var/www/html/plugins/VLCPlayer/package.json  
   creating: /var/www/html/plugins/VLCPlayer/static/
   creating: /var/www/html/plugins/VLCPlayer/static/images/
  inflating: /var/www/html/plugins/VLCPlayer/static/images/icon.png  
  inflating: /var/www/html/plugins/VLCPlayer/static/main.js  
   creating: /var/www/html/plugins/jPlayer/
  inflating: /var/www/html/plugins/jPlayer/app.php  
  inflating: /var/www/html/plugins/jPlayer/package.json  
   creating: /var/www/html/plugins/jPlayer/static/
  inflating: /var/www/html/plugins/jPlayer/static/page.js  
   creating: /var/www/html/plugins/jPlayer/static/images/
  inflating: /var/www/html/plugins/jPlayer/static/images/icon.png  
  inflating: /var/www/html/plugins/jPlayer/static/main.js  
   creating: /var/www/html/plugins/jPlayer/static/jPlayer/
  inflating: /var/www/html/plugins/jPlayer/static/jPlayer/jquery.jplayer.min.js  
  inflating: /var/www/html/plugins/jPlayer/static/jPlayer/jquery.jplayer.swf  
   creating: /var/www/html/plugins/jPlayer/static/jPlayer/kod.flat/
  inflating: /var/www/html/plugins/jPlayer/static/jPlayer/kod.flat/control.js  
   creating: /var/www/html/plugins/jPlayer/static/jPlayer/kod.flat/images/
  inflating: /var/www/html/plugins/jPlayer/static/jPlayer/kod.flat/images/sound-playing.gif  
  inflating: /var/www/html/plugins/jPlayer/static/jPlayer/kod.flat/images/music-playing.gif  
  inflating: /var/www/html/plugins/jPlayer/static/jPlayer/kod.flat/style.css  
  inflating: /var/www/html/plugins/jPlayer/static/jPlayer/kod.flat/template.js  
   creating: /var/www/html/plugins/zipView/
  inflating: /var/www/html/plugins/zipView/app.php  
  inflating: /var/www/html/plugins/zipView/package.json  
   creating: /var/www/html/plugins/zipView/static/
  inflating: /var/www/html/plugins/zipView/static/page.js  
   creating: /var/www/html/plugins/zipView/static/images/
  inflating: /var/www/html/plugins/zipView/static/images/icon.png  
  inflating: /var/www/html/plugins/zipView/static/zipView.js  
  inflating: /var/www/html/plugins/zipView/static/main.js  
   creating: /var/www/html/plugins/zipView/lib/
   creating: /var/www/html/plugins/zipView/lib/bin/
  inflating: /var/www/html/plugins/zipView/lib/bin/rar_mac  
  inflating: /var/www/html/plugins/zipView/lib/bin/7z_mac  
  inflating: /var/www/html/README.MD  
   creating: /var/www/html/static/
   creating: /var/www/html/static/images/
   creating: /var/www/html/static/images/thumb/
   creating: /var/www/html/static/images/thumb/theme/
  inflating: /var/www/html/static/images/thumb/theme/alpha_image_sun.png  
  inflating: /var/www/html/static/images/thumb/theme/win7.png  
  inflating: /var/www/html/static/images/thumb/theme/alpha_image.png  
  inflating: /var/www/html/static/images/thumb/theme/win10.png  
  inflating: /var/www/html/static/images/thumb/theme/metro_pink.png  
  inflating: /var/www/html/static/images/thumb/theme/metro.png  
  inflating: /var/www/html/static/images/thumb/theme/mac.png  
  inflating: /var/www/html/static/images/thumb/theme/alpha_image_sky.png  
  inflating: /var/www/html/static/images/thumb/theme/diy.png  
  inflating: /var/www/html/static/images/thumb/theme/metro_orange.png  
  inflating: /var/www/html/static/images/thumb/theme/metro_purple.png  
  inflating: /var/www/html/static/images/thumb/theme/metro_green.png  
   creating: /var/www/html/static/images/file_icon/
   creating: /var/www/html/static/images/file_icon/icon_file/
  inflating: /var/www/html/static/images/file_icon/icon_file/asm.png  
  inflating: /var/www/html/static/images/file_icon/icon_file/ogg.png  
  inflating: /var/www/html/static/images/file_icon/icon_file/office-others.png  
  inflating: /var/www/html/static/images/file_icon/icon_file/lnk.png  
  inflating: /var/www/html/static/images/file_icon/icon_file/ps1.png  
  inflating: /var/www/html/static/images/file_icon/icon_file/music1.png  
  inflating: /var/www/html/static/images/file_icon/icon_file/eps.png  
  inflating: /var/www/html/static/images/file_icon/icon_file/hlp.png  
  inflating: /var/www/html/static/images/file_icon/icon_file/picture_error.png  
  inflating: /var/www/html/static/images/file_icon/icon_file/md.png  
  inflating: /var/www/html/static/images/file_icon/icon_file/vst.png  
  inflating: /var/www/html/static/images/file_icon/icon_file/arj.png  
  inflating: /var/www/html/static/images/file_icon/icon_file/indd.png  
  inflating: /var/www/html/static/images/file_icon/icon_file/xsl.png  
  inflating: /var/www/html/static/images/file_icon/icon_file/cdr.png  
  inflating: /var/www/html/static/images/file_icon/icon_file/xlsb.png  
  inflating: /var/www/html/static/images/file_icon/icon_file/h.png  
  inflating: /var/www/html/static/images/file_icon/icon_file/class.png  
  inflating: /var/www/html/static/images/file_icon/icon_file/gif.png  
  inflating: /var/www/html/static/images/file_icon/icon_file/code.png  
  inflating: /var/www/html/static/images/file_icon/icon_file/psd.png  
   creating: /var/www/html/static/images/file_icon/icon_file/movie/
  inflating: /var/www/html/static/images/file_icon/icon_file/movie/movie.png  
  inflating: /var/www/html/static/images/file_icon/icon_file/movie/mkv.png  
  inflating: /var/www/html/static/images/file_icon/icon_file/movie/avi.png  
  inflating: /var/www/html/static/images/file_icon/icon_file/movie/mov.png  
  inflating: /var/www/html/static/images/file_icon/icon_file/movie/rmvb.png  
  inflating: /var/www/html/static/images/file_icon/icon_file/movie/flv.png  
  inflating: /var/www/html/static/images/file_icon/icon_file/movie/mp4.png  
  inflating: /var/www/html/static/images/file_icon/icon_file/as.png  
  inflating: /var/www/html/static/images/file_icon/icon_file/php_small.png  
  inflating: /var/www/html/static/images/file_icon/icon_file/jar.png  
  inflating: /var/www/html/static/images/file_icon/icon_file/asax.png  
  inflating: /var/www/html/static/images/file_icon/icon_file/resx.png  
  inflating: /var/www/html/static/images/file_icon/icon_file/pspimage.png  
  inflating: /var/www/html/static/images/file_icon/icon_file/tga.png  
  inflating: /var/www/html/static/images/file_icon/icon_file/air.png  
  inflating: /var/www/html/static/images/file_icon/icon_file/vdx.png  
  inflating: /var/www/html/static/images/file_icon/icon_file/csproj.png  
  inflating: /var/www/html/static/images/file_icon/icon_file/accdb.png  
  inflating: /var/www/html/static/images/file_icon/icon_file/xaml.png  
  inflating: /var/www/html/static/images/file_icon/icon_file/vsdx.png  
  inflating: /var/www/html/static/images/file_icon/icon_file/sitx.png  
  inflating: /var/www/html/static/images/file_icon/icon_file/pkg.png  
  inflating: /var/www/html/static/images/file_icon/icon_file/vcxproj.png  
  inflating: /var/www/html/static/images/file_icon/icon_file/msg.png  
  inflating: /var/www/html/static/images/file_icon/icon_file/xps.png  
  inflating: /var/www/html/static/images/file_icon/icon_file/cer.png  
  inflating: /var/www/html/static/images/file_icon/icon_file/dll.png  
  inflating: /var/www/html/static/images/file_icon/icon_file/asmx.png  
  inflating: /var/www/html/static/images/file_icon/icon_file/y.png  
  inflating: /var/www/html/static/images/file_icon/icon_file/key.png  
  inflating: /var/www/html/static/images/file_icon/icon_file/pst.png  
  inflating: /var/www/html/static/images/file_icon/icon_file/json.png  
  inflating: /var/www/html/static/images/file_icon/icon_file/bz2.png  
  inflating: /var/www/html/static/images/file_icon/icon_file/o.png  
  inflating: /var/www/html/static/images/file_icon/icon_file/cpp.png  
  inflating: /var/www/html/static/images/file_icon/icon_file/zip.png  
  inflating: /var/www/html/static/images/file_icon/icon_file/dng.png  
  inflating: /var/www/html/static/images/file_icon/icon_file/vsd.png  
  inflating: /var/www/html/static/images/file_icon/icon_file/doc.png  
  inflating: /var/www/html/static/images/file_icon/icon_file/vss.png  
  inflating: /var/www/html/static/images/file_icon/icon_file/dot.png  
  inflating: /var/www/html/static/images/file_icon/icon_file/pl.png  
  inflating: /var/www/html/static/images/file_icon/icon_file/eml.png  
  inflating: /var/www/html/static/images/file_icon/icon_file/file.png  
  inflating: /var/www/html/static/images/file_icon/icon_file/tar.png  
  inflating: /var/www/html/static/images/file_icon/icon_file/sql.png  
  inflating: /var/www/html/static/images/file_icon/icon_file/java.png  
  inflating: /var/www/html/static/images/file_icon/icon_file/music.png  
  inflating: /var/www/html/static/images/file_icon/icon_file/prproj.png  
  inflating: /var/www/html/static/images/file_icon/icon_file/py.png  
  inflating: /var/www/html/static/images/file_icon/icon_file/rb.png  
  inflating: /var/www/html/static/images/file_icon/icon_file/0.file-16.png  
  inflating: /var/www/html/static/images/file_icon/icon_file/js.png  
  inflating: /var/www/html/static/images/file_icon/icon_file/xml.png  
  inflating: /var/www/html/static/images/file_icon/icon_file/rar.png  
  inflating: /var/www/html/static/images/file_icon/icon_file/numbers.png  
  inflating: /var/www/html/static/images/file_icon/icon_file/pub.png  
  inflating: /var/www/html/static/images/file_icon/icon_file/docx.png  
  inflating: /var/www/html/static/images/file_icon/icon_file/txt.png  
  inflating: /var/www/html/static/images/file_icon/icon_file/oexe.png  
  inflating: /var/www/html/static/images/file_icon/icon_file/ico.png  
  inflating: /var/www/html/static/images/file_icon/icon_file/rtf.png  
  inflating: /var/www/html/static/images/file_icon/icon_file/docm.png  
  inflating: /var/www/html/static/images/file_icon/icon_file/ini.png  
   creating: /var/www/html/static/images/file_icon/icon_file/autodesk/
  inflating: /var/www/html/static/images/file_icon/icon_file/autodesk/dwg.png  
  inflating: /var/www/html/static/images/file_icon/icon_file/autodesk/ifc.png  
  inflating: /var/www/html/static/images/file_icon/icon_file/autodesk/dwf.png  
  inflating: /var/www/html/static/images/file_icon/icon_file/autodesk/autodesk.png  
  inflating: /var/www/html/static/images/file_icon/icon_file/autodesk/skp.png  
  inflating: /var/www/html/static/images/file_icon/icon_file/autodesk/3dm.png  
  inflating: /var/www/html/static/images/file_icon/icon_file/autodesk/rvt.png  
  inflating: /var/www/html/static/images/file_icon/icon_file/autodesk/iam.png  
  inflating: /var/www/html/static/images/file_icon/icon_file/autodesk/3ds.png  
  inflating: /var/www/html/static/images/file_icon/icon_file/autodesk/dae.png  
  inflating: /var/www/html/static/images/file_icon/icon_file/autodesk/dxf.png  
  inflating: /var/www/html/static/images/file_icon/icon_file/autodesk/vnd-dgn.png  
  inflating: /var/www/html/static/images/file_icon/icon_file/autodesk/stl.png  
  inflating: /var/www/html/static/images/file_icon/icon_file/autodesk/dxf1.png  
  inflating: /var/www/html/static/images/file_icon/icon_file/autodesk/fbx.png  
  inflating: /var/www/html/static/images/file_icon/icon_file/xltx.png  
  inflating: /var/www/html/static/images/file_icon/icon_file/font.png  
  inflating: /var/www/html/static/images/file_icon/icon_file/exe.png  
  inflating: /var/www/html/static/images/file_icon/icon_file/pot.png  
  inflating: /var/www/html/static/images/file_icon/icon_file/png.png  
  inflating: /var/www/html/static/images/file_icon/icon_file/gz.png  
  inflating: /var/www/html/static/images/file_icon/icon_file/vcf.png  
  inflating: /var/www/html/static/images/file_icon/icon_file/zip_all.png  
  inflating: /var/www/html/static/images/file_icon/icon_file/vtx.png  
  inflating: /var/www/html/static/images/file_icon/icon_file/ashx.png  
  inflating: /var/www/html/static/images/file_icon/icon_file/xls.png  
  inflating: /var/www/html/static/images/file_icon/icon_file/pptx.png  
  inflating: /var/www/html/static/images/file_icon/icon_file/hdr.png  
  inflating: /var/www/html/static/images/file_icon/icon_file/cab.png  
  inflating: /var/www/html/static/images/file_icon/icon_file/html.png  
  inflating: /var/www/html/static/images/file_icon/icon_file/potx.png  
  inflating: /var/www/html/static/images/file_icon/icon_file/dotx.png  
  inflating: /var/www/html/static/images/file_icon/icon_file/utorrent.png  
  inflating: /var/www/html/static/images/file_icon/icon_file/mhtml.png  
  inflating: /var/www/html/static/images/file_icon/icon_file/swift.png  
  inflating: /var/www/html/static/images/file_icon/icon_file/vbs.png  
  inflating: /var/www/html/static/images/file_icon/icon_file/jpg.png  
  inflating: /var/www/html/static/images/file_icon/icon_file/xap.png  
  inflating: /var/www/html/static/images/file_icon/icon_file/cmd.png  
  inflating: /var/www/html/static/images/file_icon/icon_file/aspx.png  
  inflating: /var/www/html/static/images/file_icon/icon_file/ldf.png  
  inflating: /var/www/html/static/images/file_icon/icon_file/bin.png  
  inflating: /var/www/html/static/images/file_icon/icon_file/dotm.png  
  inflating: /var/www/html/static/images/file_icon/icon_file/xlt.png  
  inflating: /var/www/html/static/images/file_icon/icon_file/mht.png  
  inflating: /var/www/html/static/images/file_icon/icon_file/dtd.png  
  inflating: /var/www/html/static/images/file_icon/icon_file/msi.png  
  inflating: /var/www/html/static/images/file_icon/icon_file/vbproj.png  
  inflating: /var/www/html/static/images/file_icon/icon_file/vdw.png  
  inflating: /var/www/html/static/images/file_icon/icon_file/txt_small.png  
  inflating: /var/www/html/static/images/file_icon/icon_file/pdf.png  
  inflating: /var/www/html/static/images/file_icon/icon_file/ppt.png  
  inflating: /var/www/html/static/images/file_icon/icon_file/ipa.png  
  inflating: /var/www/html/static/images/file_icon/icon_file/epub.png  
  inflating: /var/www/html/static/images/file_icon/icon_file/c.png  
  inflating: /var/www/html/static/images/file_icon/icon_file/fla.png  
  inflating: /var/www/html/static/images/file_icon/icon_file/odt.png  
  inflating: /var/www/html/static/images/file_icon/icon_file/sln.png  
  inflating: /var/www/html/static/images/file_icon/icon_file/chm.png  
  inflating: /var/www/html/static/images/file_icon/icon_file/dmg.png  
  inflating: /var/www/html/static/images/file_icon/icon_file/apk.png  
  inflating: /var/www/html/static/images/file_icon/icon_file/tgz.png  
  inflating: /var/www/html/static/images/file_icon/icon_file/swf.png  
  inflating: /var/www/html/static/images/file_icon/icon_file/cs.png  
  inflating: /var/www/html/static/images/file_icon/icon_file/graph_icon.png  
  inflating: /var/www/html/static/images/file_icon/icon_file/iso.png  
  inflating: /var/www/html/static/images/file_icon/icon_file/php.png  
  inflating: /var/www/html/static/images/file_icon/icon_file/mpp.png  
  inflating: /var/www/html/static/images/file_icon/icon_file/suo.png  
  inflating: /var/www/html/static/images/file_icon/icon_file/css.png  
  inflating: /var/www/html/static/images/file_icon/icon_file/makefile.png  
  inflating: /var/www/html/static/images/file_icon/icon_file/xsd.png  
  inflating: /var/www/html/static/images/file_icon/icon_file/mdb.png  
  inflating: /var/www/html/static/images/file_icon/icon_file/mdf.png  
  inflating: /var/www/html/static/images/file_icon/icon_file/vsx.png  
  inflating: /var/www/html/static/images/file_icon/icon_file/framework.png  
  inflating: /var/www/html/static/images/file_icon/icon_file/ods.png  
  inflating: /var/www/html/static/images/file_icon/icon_file/svg.png  
  inflating: /var/www/html/static/images/file_icon/icon_file/ai.png  
  inflating: /var/www/html/static/images/file_icon/icon_file/mpt.png  
  inflating: /var/www/html/static/images/file_icon/icon_file/s.png  
  inflating: /var/www/html/static/images/file_icon/icon_file/cshtml.png  
  inflating: /var/www/html/static/images/file_icon/icon_file/reg.png  
  inflating: /var/www/html/static/images/file_icon/icon_file/bmp.png  
  inflating: /var/www/html/static/images/file_icon/icon_file/pps.png  
  inflating: /var/www/html/static/images/file_icon/icon_file/xlsx.png  
  inflating: /var/www/html/static/images/file_icon/icon_file/csv.png  
  inflating: /var/www/html/static/images/file_icon/icon_file/ascx.png  
  inflating: /var/www/html/static/images/file_icon/icon_file/vcproj.png  
  inflating: /var/www/html/static/images/file_icon/icon_file/xlsm.png  
  inflating: /var/www/html/static/images/file_icon/icon_file/odp.png  
  inflating: /var/www/html/static/images/file_icon/icon_file/midi.png  
  inflating: /var/www/html/static/images/file_icon/icon_file/7z.png  
  inflating: /var/www/html/static/images/file_icon/icon_file/djvu.png  
  inflating: /var/www/html/static/images/file_icon/icon_file/ppsx.png  
  inflating: /var/www/html/static/images/file_icon/icon_file/pdb.png  
  inflating: /var/www/html/static/images/file_icon/icon_file/oexe1.png  
  inflating: /var/www/html/static/images/file_icon/icon_file/f.png  
  inflating: /var/www/html/static/images/file_icon/icon_file/vb.png  
  inflating: /var/www/html/static/images/file_icon/icon_file/pages.png  
   creating: /var/www/html/static/images/file_icon/icon_others/
  inflating: /var/www/html/static/images/file_icon/icon_others/info.png  
  inflating: /var/www/html/static/images/file_icon/icon_others/folder_alpha.png  
  inflating: /var/www/html/static/images/file_icon/icon_others/app_link.png  
  inflating: /var/www/html/static/images/file_icon/icon_others/path_self_public.png  
  inflating: /var/www/html/static/images/file_icon/icon_others/folder_win10.png  
  inflating: /var/www/html/static/images/file_icon/icon_others/recycle_full.png  
  inflating: /var/www/html/static/images/file_icon/icon_others/logout.png  
  inflating: /var/www/html/static/images/file_icon/icon_others/treeFav.png  
  inflating: /var/www/html/static/images/file_icon/icon_others/recycle.png  
  inflating: /var/www/html/static/images/file_icon/icon_others/groupRoot.png  
  inflating: /var/www/html/static/images/file_icon/icon_others/user.png  
  inflating: /var/www/html/static/images/file_icon/icon_others/groupSelfRoot.png  
  inflating: /var/www/html/static/images/file_icon/icon_others/plugins.png  
  inflating: /var/www/html/static/images/file_icon/icon_others/appStore.png  
  inflating: /var/www/html/static/images/file_icon/icon_others/search.png  
  inflating: /var/www/html/static/images/file_icon/icon_others/folder_public.png  
  inflating: /var/www/html/static/images/file_icon/icon_others/folder.png  
  inflating: /var/www/html/static/images/file_icon/icon_others/error.png  
  inflating: /var/www/html/static/images/file_icon/icon_others/upload.png  
  inflating: /var/www/html/static/images/file_icon/icon_others/folder_win10_small.png  
  inflating: /var/www/html/static/images/file_icon/icon_others/userSelf.png  
  inflating: /var/www/html/static/images/file_icon/icon_others/groupGuest.png  
  inflating: /var/www/html/static/images/file_icon/icon_others/folder_mac.png  
  inflating: /var/www/html/static/images/file_icon/icon_others/computer.png  
  inflating: /var/www/html/static/images/file_icon/icon_others/edit.png  
  inflating: /var/www/html/static/images/file_icon/icon_others/folder_mac_small.png  
  inflating: /var/www/html/static/images/file_icon/icon_others/groupSelf.png  
  inflating: /var/www/html/static/images/file_icon/icon_others/groupSelfOwner.png  
  inflating: /var/www/html/static/images/file_icon/icon_others/setting.png  
   creating: /var/www/html/static/images/file_icon/icon_app/
  inflating: /var/www/html/static/images/file_icon/icon_app/folder_user.png  
  inflating: /var/www/html/static/images/file_icon/icon_app/internet.png  
  inflating: /var/www/html/static/images/file_icon/icon_app/souhu.jpg  
  inflating: /var/www/html/static/images/file_icon/icon_app/wechart.png  
  inflating: /var/www/html/static/images/file_icon/icon_app/on.png  
  inflating: /var/www/html/static/images/file_icon/icon_app/folder_music.png  
  inflating: /var/www/html/static/images/file_icon/icon_app/time.png  
  inflating: /var/www/html/static/images/file_icon/icon_app/365.png  
  inflating: /var/www/html/static/images/file_icon/icon_app/kuaidi.gif  
  inflating: /var/www/html/static/images/file_icon/icon_app/yiqixie.png  
  inflating: /var/www/html/static/images/file_icon/icon_app/chuangketie.png  
  inflating: /var/www/html/static/images/file_icon/icon_app/map.png  
  inflating: /var/www/html/static/images/file_icon/icon_app/vector.png  
  inflating: /var/www/html/static/images/file_icon/icon_app/js.png  
  inflating: /var/www/html/static/images/file_icon/icon_app/meitu.gif  
  inflating: /var/www/html/static/images/file_icon/icon_app/ace.png  
  inflating: /var/www/html/static/images/file_icon/icon_app/youdao.jpg  
  inflating: /var/www/html/static/images/file_icon/icon_app/qqcanvas.png  
  inflating: /var/www/html/static/images/file_icon/icon_app/cal.png  
  inflating: /var/www/html/static/images/file_icon/icon_app/oexe.png  
  inflating: /var/www/html/static/images/file_icon/icon_app/pptv.jpg  
  inflating: /var/www/html/static/images/file_icon/icon_app/weather.png  
  inflating: /var/www/html/static/images/file_icon/icon_app/folder_public.png  
  inflating: /var/www/html/static/images/file_icon/icon_app/ball8.png  
  inflating: /var/www/html/static/images/file_icon/icon_app/icloud.png  
  inflating: /var/www/html/static/images/file_icon/icon_app/ps.png  
  inflating: /var/www/html/static/images/file_icon/icon_app/baidu.png  
  inflating: /var/www/html/static/images/file_icon/icon_app/calcu.png  
  inflating: /var/www/html/static/images/file_icon/icon_app/officeconvert.png  
  inflating: /var/www/html/static/images/file_icon/icon_app/trello.png  
  inflating: /var/www/html/static/images/file_icon/icon_app/baidudoc.png  
  inflating: /var/www/html/static/images/file_icon/icon_app/kingdom.png  
  inflating: /var/www/html/static/images/file_icon/icon_app/douban.png  
  inflating: /var/www/html/static/images/file_icon/icon_app/xunjie.png  
  inflating: /var/www/html/static/images/file_icon/icon_app/wangyi.jpg  
  inflating: /var/www/html/static/images/file_icon/icon_app/iqiyi.png  
  inflating: /var/www/html/static/images/file_icon/icon_app/xiangqi.jpg  
  inflating: /var/www/html/static/images/file_icon/icon_app/canvas.jpg  
  inflating: /var/www/html/static/images/file_icon/icon_app/shimo.png  
  inflating: /var/www/html/static/images/file_icon/icon_app/text.png  
  inflating: /var/www/html/static/images/file_icon/icon_app/yingyuetai.png  
  inflating: /var/www/html/static/images/file_icon/icon_app/naotu.png  
   creating: /var/www/html/static/images/common/
  inflating: /var/www/html/static/images/common/loading_tree.gif  
  inflating: /var/www/html/static/images/common/ybutton.png  
  inflating: /var/www/html/static/images/common/menu_icon@2x.png  
  inflating: /var/www/html/static/images/common/favicon.ico  
  inflating: /var/www/html/static/images/common/login.png  
  inflating: /var/www/html/static/images/common/menu_icon.png  
  inflating: /var/www/html/static/images/common/ybutton1.png  
  inflating: /var/www/html/static/images/common/drop_upload.png  
   creating: /var/www/html/static/images/common/cursor/
  inflating: /var/www/html/static/images/common/cursor/add.png  
  inflating: /var/www/html/static/images/common/cursor/add_blue.png  
  inflating: /var/www/html/static/images/common/cursor/move.png  
  inflating: /var/www/html/static/images/common/cursor/down.png  
  inflating: /var/www/html/static/images/common/cursor/default.png  
  inflating: /var/www/html/static/images/common/loading_simple.gif  
   creating: /var/www/html/static/images/common/desktop/
  inflating: /var/www/html/static/images/common/desktop/fengche.png  
  inflating: /var/www/html/static/images/common/desktop/taskbarhover.png  
  inflating: /var/www/html/static/images/common/desktop/narrow.png  
  inflating: /var/www/html/static/images/common/desktop/taskbarbg.png  
  inflating: /var/www/html/static/images/common/desktop/start.png  
  inflating: /var/www/html/static/images/common/loading.gif  
  inflating: /var/www/html/static/images/common/buttons_40.png  
  inflating: /var/www/html/static/images/common/ico.png  
  inflating: /var/www/html/static/images/common/bg.gif  
  inflating: /var/www/html/static/images/common/line_x.png  
   creating: /var/www/html/static/images/common/dialog/
  inflating: /var/www/html/static/images/common/dialog/btn-min.png  
  inflating: /var/www/html/static/images/common/dialog/dialog_loading-.gif  
  inflating: /var/www/html/static/images/common/dialog/dialog.png  
  inflating: /var/www/html/static/images/common/dialog/dialog_loading.gif  
  inflating: /var/www/html/static/images/common/dialog/btn-reg.png  
  inflating: /var/www/html/static/images/common/dialog/resize_corner.png  
  inflating: /var/www/html/static/images/common/dialog/btn-max.png  
  inflating: /var/www/html/static/images/common/dialog/btn-close.png  
  inflating: /var/www/html/static/images/common/hr.png  
  inflating: /var/www/html/static/images/common/tree.png  
  inflating: /var/www/html/static/images/common/menu-plus.png  
  inflating: /var/www/html/static/images/common/loading_circle.gif  
  inflating: /var/www/html/static/images/common/resize.png  
  inflating: /var/www/html/static/images/common/pic.jpg  
  inflating: /var/www/html/static/images/common/line.png  
   creating: /var/www/html/static/images/common/banner/
  inflating: /var/www/html/static/images/common/banner/fly.png  
  inflating: /var/www/html/static/images/common/banner/dots.png  
  inflating: /var/www/html/static/images/common/banner/line.png  
  inflating: /var/www/html/static/images/common/banner/box.png  
  inflating: /var/www/html/static/images/common/loading_black.gif  
   creating: /var/www/html/static/images/wall_page/
  inflating: /var/www/html/static/images/wall_page/8.jpg  
  inflating: /var/www/html/static/images/wall_page/9.jpg  
  inflating: /var/www/html/static/images/wall_page/12.jpg  
  inflating: /var/www/html/static/images/wall_page/13.jpg  
  inflating: /var/www/html/static/images/wall_page/11.jpg  
  inflating: /var/www/html/static/images/wall_page/10.jpg  
  inflating: /var/www/html/static/images/wall_page/4.jpg  
  inflating: /var/www/html/static/images/wall_page/5.jpg  
  inflating: /var/www/html/static/images/wall_page/7.jpg  
  inflating: /var/www/html/static/images/wall_page/6.jpg  
  inflating: /var/www/html/static/images/wall_page/2.jpg  
  inflating: /var/www/html/static/images/wall_page/3.jpg  
  inflating: /var/www/html/static/images/wall_page/1.jpg  
   creating: /var/www/html/static/js/
   creating: /var/www/html/static/js/app/
   creating: /var/www/html/static/js/app/src/
   creating: /var/www/html/static/js/app/src/shareEditor/
  inflating: /var/www/html/static/js/app/src/shareEditor/main.js  
   creating: /var/www/html/static/js/app/src/app/
  inflating: /var/www/html/static/js/app/src/app/main.js  
   creating: /var/www/html/static/js/app/src/plugins/
  inflating: /var/www/html/static/js/app/src/plugins/main.js  
   creating: /var/www/html/static/js/app/src/shareExplorer/
  inflating: /var/www/html/static/js/app/src/shareExplorer/main.js  
   creating: /var/www/html/static/js/app/src/shareIndex/
  inflating: /var/www/html/static/js/app/src/shareIndex/main.js  
   creating: /var/www/html/static/js/app/src/explorer/
  inflating: /var/www/html/static/js/app/src/explorer/main.js  
   creating: /var/www/html/static/js/app/src/desktop/
  inflating: /var/www/html/static/js/app/src/desktop/main.js  
   creating: /var/www/html/static/js/app/src/user/
  inflating: /var/www/html/static/js/app/src/user/main.js  
   creating: /var/www/html/static/js/app/src/edit/
  inflating: /var/www/html/static/js/app/src/edit/main.js  
   creating: /var/www/html/static/js/app/src/api/
   creating: /var/www/html/static/js/app/src/api/default/
  inflating: /var/www/html/static/js/app/src/api/default/main.js  
   creating: /var/www/html/static/js/app/src/api/view/
  inflating: /var/www/html/static/js/app/src/api/view/main.js  
   creating: /var/www/html/static/js/app/src/explorerWap/
  inflating: /var/www/html/static/js/app/src/explorerWap/main.js  
   creating: /var/www/html/static/js/app/src/setting/
  inflating: /var/www/html/static/js/app/src/setting/main.js  
   creating: /var/www/html/static/js/app/src/editor/
  inflating: /var/www/html/static/js/app/src/editor/main.js  
   creating: /var/www/html/static/js/lib/
   creating: /var/www/html/static/js/lib/poshytip/
  inflating: /var/www/html/static/js/lib/poshytip/jquery.poshytip.js  
  inflating: /var/www/html/static/js/lib/poshytip/skin.css  
  inflating: /var/www/html/static/js/lib/util.js  
  inflating: /var/www/html/static/js/lib/code_beautify.js  
   creating: /var/www/html/static/js/lib/jquery.datetimepicker/
  inflating: /var/www/html/static/js/lib/jquery.datetimepicker/jquery.datetimepicker.css  
  inflating: /var/www/html/static/js/lib/jquery.datetimepicker/jquery.datetimepicker.js  
   creating: /var/www/html/static/js/lib/artDialog/
  inflating: /var/www/html/static/js/lib/artDialog/jquery-artDialog.js  
   creating: /var/www/html/static/js/lib/artDialog/icons/
  inflating: /var/www/html/static/js/lib/artDialog/icons/warning.png  
  inflating: /var/www/html/static/js/lib/artDialog/icons/question.png  
  inflating: /var/www/html/static/js/lib/artDialog/icons/succeed.png  
  inflating: /var/www/html/static/js/lib/artDialog/icons/face-sad.png  
  inflating: /var/www/html/static/js/lib/artDialog/icons/error.png  
  inflating: /var/www/html/static/js/lib/artDialog/icons/face-smile.png  
  inflating: /var/www/html/static/js/lib/artDialog/icons/loading.png  
   creating: /var/www/html/static/js/lib/markdown/
   creating: /var/www/html/static/js/lib/markdown/katex/
   creating: /var/www/html/static/js/lib/markdown/katex/contrib/
  inflating: /var/www/html/static/js/lib/markdown/katex/contrib/auto-render.min.js  
  inflating: /var/www/html/static/js/lib/markdown/katex/katex.min.css  
  inflating: /var/www/html/static/js/lib/markdown/katex/katex.min.js  
   creating: /var/www/html/static/js/lib/markdown/katex/fonts/
  inflating: /var/www/html/static/js/lib/markdown/katex/fonts/KaTeX_Main-Regular.eot  
  inflating: /var/www/html/static/js/lib/markdown/katex/fonts/KaTeX_Main-Regular.woff  
  inflating: /var/www/html/static/js/lib/markdown/katex/fonts/KaTeX_Size3-Regular.woff2  
  inflating: /var/www/html/static/js/lib/markdown/katex/fonts/KaTeX_Main-Regular.woff2  
  inflating: /var/www/html/static/js/lib/markdown/katex/fonts/KaTeX_Size3-Regular.ttf  
  inflating: /var/www/html/static/js/lib/markdown/katex/fonts/KaTeX_Math-Italic.woff2  
  inflating: /var/www/html/static/js/lib/markdown/katex/fonts/KaTeX_Size4-Regular.woff2  
  inflating: /var/www/html/static/js/lib/markdown/katex/fonts/KaTeX_Main-Regular.ttf  
  inflating: /var/www/html/static/js/lib/markdown/katex/fonts/KaTeX_Size2-Regular.woff  
  inflating: /var/www/html/static/js/lib/markdown/katex/fonts/KaTeX_Size3-Regular.eot  
  inflating: /var/www/html/static/js/lib/markdown/katex/fonts/KaTeX_Size4-Regular.woff  
  inflating: /var/www/html/static/js/lib/markdown/katex/fonts/KaTeX_Size3-Regular.woff  
  inflating: /var/www/html/static/js/lib/markdown/katex/fonts/KaTeX_Math-Italic.ttf  
  inflating: /var/www/html/static/js/lib/markdown/katex/fonts/KaTeX_Size1-Regular.woff  
  inflating: /var/www/html/static/js/lib/markdown/katex/fonts/KaTeX_Math-Italic.woff  
  inflating: /var/www/html/static/js/lib/markdown/katex/fonts/KaTeX_Size1-Regular.eot  
  inflating: /var/www/html/static/js/lib/markdown/katex/fonts/KaTeX_Size2-Regular.ttf  
  inflating: /var/www/html/static/js/lib/markdown/katex/fonts/KaTeX_Size4-Regular.eot  
  inflating: /var/www/html/static/js/lib/markdown/katex/fonts/KaTeX_Size1-Regular.woff2  
  inflating: /var/www/html/static/js/lib/markdown/katex/fonts/KaTeX_Math-Italic.eot  
  inflating: /var/www/html/static/js/lib/markdown/katex/fonts/KaTeX_Size1-Regular.ttf  
  inflating: /var/www/html/static/js/lib/markdown/katex/fonts/KaTeX_Size2-Regular.eot  
  inflating: /var/www/html/static/js/lib/markdown/katex/fonts/KaTeX_Size4-Regular.ttf  
  inflating: /var/www/html/static/js/lib/markdown/katex/fonts/KaTeX_Size2-Regular.woff2  
   creating: /var/www/html/static/js/lib/markdown/mermaid/
  inflating: /var/www/html/static/js/lib/markdown/mermaid/mermaid.min.js  
  inflating: /var/www/html/static/js/lib/markdown/mermaid/mermaid.min.css  
  inflating: /var/www/html/static/js/lib/markdown/highlight.min.js  
  inflating: /var/www/html/static/js/lib/markdown/markdown-it.min.js  
   creating: /var/www/html/static/js/lib/contextMenu/
  inflating: /var/www/html/static/js/lib/contextMenu/jquery-contextMenu.js  
   creating: /var/www/html/static/js/lib/others/
  inflating: /var/www/html/static/js/lib/others/particles.js  
   creating: /var/www/html/static/js/lib/ztree/
  inflating: /var/www/html/static/js/lib/ztree/ztree.js  
   creating: /var/www/html/static/js/lib/bootstrap-slider/
  inflating: /var/www/html/static/js/lib/bootstrap-slider/bootstrap-slider.js  
  inflating: /var/www/html/static/js/lib/bootstrap-slider/bootstrap-slider.css  
  inflating: /var/www/html/static/js/lib/jquery-lib.js  
   creating: /var/www/html/static/js/lib/colorpicker/
   creating: /var/www/html/static/js/lib/colorpicker/css/
  inflating: /var/www/html/static/js/lib/colorpicker/css/colorpicker.css  
   creating: /var/www/html/static/js/lib/colorpicker/images/
  inflating: /var/www/html/static/js/lib/colorpicker/images/slider.png  
  inflating: /var/www/html/static/js/lib/colorpicker/images/custom_hsb_h.png  
  inflating: /var/www/html/static/js/lib/colorpicker/images/colorpicker_overlay.png  
  inflating: /var/www/html/static/js/lib/colorpicker/images/colorpicker_hsb_h.png  
  inflating: /var/www/html/static/js/lib/colorpicker/images/colorpicker_select.gif  
  inflating: /var/www/html/static/js/lib/colorpicker/images/custom_rgb_g.png  
  inflating: /var/www/html/static/js/lib/colorpicker/images/custom_rgb_r.png  
  inflating: /var/www/html/static/js/lib/colorpicker/images/colorpicker_rgb_b.png  
  inflating: /var/www/html/static/js/lib/colorpicker/images/colorpicker_rgb_g.png  
  inflating: /var/www/html/static/js/lib/colorpicker/images/custom_submit.png  
  inflating: /var/www/html/static/js/lib/colorpicker/images/custom_hex.png  
  inflating: /var/www/html/static/js/lib/colorpicker/images/colorpicker_rgb_r.png  
  inflating: /var/www/html/static/js/lib/colorpicker/images/custom_rgb_b.png  
  inflating: /var/www/html/static/js/lib/colorpicker/images/custom_background.png  
  inflating: /var/www/html/static/js/lib/colorpicker/images/colorpicker_background.png  
  inflating: /var/www/html/static/js/lib/colorpicker/images/colorpicker_submit.png  
  inflating: /var/www/html/static/js/lib/colorpicker/images/colorpicker_indic.gif  
  inflating: /var/www/html/static/js/lib/colorpicker/images/custom_indic.gif  
  inflating: /var/www/html/static/js/lib/colorpicker/images/blank.gif  
  inflating: /var/www/html/static/js/lib/colorpicker/images/select.png  
  inflating: /var/www/html/static/js/lib/colorpicker/images/colorpicker_hex.png  
  inflating: /var/www/html/static/js/lib/colorpicker/images/colorpicker_hsb_s.png  
  inflating: /var/www/html/static/js/lib/colorpicker/images/custom_hsb_b.png  
  inflating: /var/www/html/static/js/lib/colorpicker/images/colorpicker_hsb_b.png  
  inflating: /var/www/html/static/js/lib/colorpicker/images/select2.png  
  inflating: /var/www/html/static/js/lib/colorpicker/images/custom_hsb_s.png  
   creating: /var/www/html/static/js/lib/colorpicker/js/
  inflating: /var/www/html/static/js/lib/colorpicker/js/colorpicker.js  
  inflating: /var/www/html/static/js/lib/jquery-1.8.0.min.js  
   creating: /var/www/html/static/js/lib/webuploader/
  inflating: /var/www/html/static/js/lib/webuploader/webuploader-min.js  
  inflating: /var/www/html/static/js/lib/webuploader/webuploader.css  
  inflating: /var/www/html/static/js/lib/webuploader/Uploader.swf  
   creating: /var/www/html/static/js/lib/select2/
   creating: /var/www/html/static/js/lib/select2/css/
  inflating: /var/www/html/static/js/lib/select2/css/select2.min.css  
   creating: /var/www/html/static/js/lib/select2/js/
  inflating: /var/www/html/static/js/lib/select2/js/select2.full.min.js  
   creating: /var/www/html/static/js/lib/select2/js/i18n/
  inflating: /var/www/html/static/js/lib/select2/js/i18n/pt.js  
  inflating: /var/www/html/static/js/lib/select2/js/i18n/vi.js  
  inflating: /var/www/html/static/js/lib/select2/js/i18n/lv.js  
  inflating: /var/www/html/static/js/lib/select2/js/i18n/gl.js  
  inflating: /var/www/html/static/js/lib/select2/js/i18n/pl.js  
  inflating: /var/www/html/static/js/lib/select2/js/i18n/el.js  
  inflating: /var/www/html/static/js/lib/select2/js/i18n/et.js  
  inflating: /var/www/html/static/js/lib/select2/js/i18n/is.js  
  inflating: /var/www/html/static/js/lib/select2/js/i18n/ko.js  
  inflating: /var/www/html/static/js/lib/select2/js/i18n/hr.js  
  inflating: /var/www/html/static/js/lib/select2/js/i18n/ms.js  
  inflating: /var/www/html/static/js/lib/select2/js/i18n/fi.js  
  inflating: /var/www/html/static/js/lib/select2/js/i18n/th.js  
  inflating: /var/www/html/static/js/lib/select2/js/i18n/ru.js  
  inflating: /var/www/html/static/js/lib/select2/js/i18n/eu.js  
  inflating: /var/www/html/static/js/lib/select2/js/i18n/mk.js  
  inflating: /var/www/html/static/js/lib/select2/js/i18n/ja.js  
  inflating: /var/www/html/static/js/lib/select2/js/i18n/he.js  
  inflating: /var/www/html/static/js/lib/select2/js/i18n/bg.js  
  inflating: /var/www/html/static/js/lib/select2/js/i18n/sr-Cyrl.js  
  inflating: /var/www/html/static/js/lib/select2/js/i18n/id.js  
  inflating: /var/www/html/static/js/lib/select2/js/i18n/az.js  
  inflating: /var/www/html/static/js/lib/select2/js/i18n/ca.js  
  inflating: /var/www/html/static/js/lib/select2/js/i18n/nb.js  
  inflating: /var/www/html/static/js/lib/select2/js/i18n/zh-CN.js  
  inflating: /var/www/html/static/js/lib/select2/js/i18n/zh-TW.js  
  inflating: /var/www/html/static/js/lib/select2/js/i18n/pt-BR.js  
  inflating: /var/www/html/static/js/lib/select2/js/i18n/da.js  
  inflating: /var/www/html/static/js/lib/select2/js/i18n/fa.js  
  inflating: /var/www/html/static/js/lib/select2/js/i18n/de.js  
  inflating: /var/www/html/static/js/lib/select2/js/i18n/en.js  
  inflating: /var/www/html/static/js/lib/select2/js/i18n/sv.js  
  inflating: /var/www/html/static/js/lib/select2/js/i18n/hi.js  
  inflating: /var/www/html/static/js/lib/select2/js/i18n/uk.js  
  inflating: /var/www/html/static/js/lib/select2/js/i18n/cs.js  
  inflating: /var/www/html/static/js/lib/select2/js/i18n/km.js  
  inflating: /var/www/html/static/js/lib/select2/js/i18n/fr.js  
  inflating: /var/www/html/static/js/lib/select2/js/i18n/nl.js  
  inflating: /var/www/html/static/js/lib/select2/js/i18n/sr.js  
  inflating: /var/www/html/static/js/lib/select2/js/i18n/hu.js  
  inflating: /var/www/html/static/js/lib/select2/js/i18n/lt.js  
  inflating: /var/www/html/static/js/lib/select2/js/i18n/ar.js  
  inflating: /var/www/html/static/js/lib/select2/js/i18n/sk.js  
  inflating: /var/www/html/static/js/lib/select2/js/i18n/it.js  
  inflating: /var/www/html/static/js/lib/select2/js/i18n/es.js  
  inflating: /var/www/html/static/js/lib/select2/js/i18n/ro.js  
  inflating: /var/www/html/static/js/lib/select2/js/i18n/tr.js  
   creating: /var/www/html/static/js/lib/ace/
  inflating: /var/www/html/static/js/lib/ace/emmet.min.js  
  inflating: /var/www/html/static/js/lib/ace/ext-searchboxKod.js  
   creating: /var/www/html/static/js/lib/ace/src-min-noconflict/
  inflating: /var/www/html/static/js/lib/ace/src-min-noconflict/mode-gitignore.js  
  inflating: /var/www/html/static/js/lib/ace/src-min-noconflict/mode-d.js  
  inflating: /var/www/html/static/js/lib/ace/src-min-noconflict/mode-haml.js  
  inflating: /var/www/html/static/js/lib/ace/src-min-noconflict/mode-jack.js  
  inflating: /var/www/html/static/js/lib/ace/src-min-noconflict/mode-pascal.js  
  inflating: /var/www/html/static/js/lib/ace/src-min-noconflict/mode-red.js  
  inflating: /var/www/html/static/js/lib/ace/src-min-noconflict/theme-clouds.js  
  inflating: /var/www/html/static/js/lib/ace/src-min-noconflict/mode-powershell.js  
   creating: /var/www/html/static/js/lib/ace/src-min-noconflict/snippets/
  inflating: /var/www/html/static/js/lib/ace/src-min-noconflict/snippets/io.js  
  inflating: /var/www/html/static/js/lib/ace/src-min-noconflict/snippets/csound_document.js  
  inflating: /var/www/html/static/js/lib/ace/src-min-noconflict/snippets/html.js  
  inflating: /var/www/html/static/js/lib/ace/src-min-noconflict/snippets/rhtml.js  
  inflating: /var/www/html/static/js/lib/ace/src-min-noconflict/snippets/html_ruby.js  
  inflating: /var/www/html/static/js/lib/ace/src-min-noconflict/snippets/sh.js  
  inflating: /var/www/html/static/js/lib/ace/src-min-noconflict/snippets/cirru.js  
  inflating: /var/www/html/static/js/lib/ace/src-min-noconflict/snippets/jack.js  
  inflating: /var/www/html/static/js/lib/ace/src-min-noconflict/snippets/haml.js  
  inflating: /var/www/html/static/js/lib/ace/src-min-noconflict/snippets/vhdl.js  
  inflating: /var/www/html/static/js/lib/ace/src-min-noconflict/snippets/prolog.js  
  inflating: /var/www/html/static/js/lib/ace/src-min-noconflict/snippets/jsx.js  
  inflating: /var/www/html/static/js/lib/ace/src-min-noconflict/snippets/powershell.js  
  inflating: /var/www/html/static/js/lib/ace/src-min-noconflict/snippets/graphqlschema.js  
  inflating: /var/www/html/static/js/lib/ace/src-min-noconflict/snippets/c_cpp.js  
  inflating: /var/www/html/static/js/lib/ace/src-min-noconflict/snippets/liquid.js  
  inflating: /var/www/html/static/js/lib/ace/src-min-noconflict/snippets/perl.js  
  inflating: /var/www/html/static/js/lib/ace/src-min-noconflict/snippets/typescript.js  
  inflating: /var/www/html/static/js/lib/ace/src-min-noconflict/snippets/verilog.js  
  inflating: /var/www/html/static/js/lib/ace/src-min-noconflict/snippets/smarty.js  
  inflating: /var/www/html/static/js/lib/ace/src-min-noconflict/snippets/gobstones.js  
  inflating: /var/www/html/static/js/lib/ace/src-min-noconflict/snippets/red.js  
  inflating: /var/www/html/static/js/lib/ace/src-min-noconflict/snippets/logiql.js  
  inflating: /var/www/html/static/js/lib/ace/src-min-noconflict/snippets/dart.js  
  inflating: /var/www/html/static/js/lib/ace/src-min-noconflict/snippets/d.js  
  inflating: /var/www/html/static/js/lib/ace/src-min-noconflict/snippets/sass.js  
  inflating: /var/www/html/static/js/lib/ace/src-min-noconflict/snippets/matlab.js  
  inflating: /var/www/html/static/js/lib/ace/src-min-noconflict/snippets/ruby.js  
  inflating: /var/www/html/static/js/lib/ace/src-min-noconflict/snippets/pgsql.js  
  inflating: /var/www/html/static/js/lib/ace/src-min-noconflict/snippets/curly.js  
  inflating: /var/www/html/static/js/lib/ace/src-min-noconflict/snippets/livescript.js  
  inflating: /var/www/html/static/js/lib/ace/src-min-noconflict/snippets/xml.js  
  inflating: /var/www/html/static/js/lib/ace/src-min-noconflict/snippets/mips_assembler.js  
  inflating: /var/www/html/static/js/lib/ace/src-min-noconflict/snippets/drools.js  
  inflating: /var/www/html/static/js/lib/ace/src-min-noconflict/snippets/plain_text.js  
  inflating: /var/www/html/static/js/lib/ace/src-min-noconflict/snippets/gherkin.js  
  inflating: /var/www/html/static/js/lib/ace/src-min-noconflict/snippets/mipsassembler.js  
  inflating: /var/www/html/static/js/lib/ace/src-min-noconflict/snippets/mask.js  
  inflating: /var/www/html/static/js/lib/ace/src-min-noconflict/snippets/sparql.js  
  inflating: /var/www/html/static/js/lib/ace/src-min-noconflict/snippets/coldfusion.js  
  inflating: /var/www/html/static/js/lib/ace/src-min-noconflict/snippets/java.js  
  inflating: /var/www/html/static/js/lib/ace/src-min-noconflict/snippets/objectivec.js  
  inflating: /var/www/html/static/js/lib/ace/src-min-noconflict/snippets/glsl.js  
  inflating: /var/www/html/static/js/lib/ace/src-min-noconflict/snippets/lucene.js  
  inflating: /var/www/html/static/js/lib/ace/src-min-noconflict/snippets/applescript.js  
  inflating: /var/www/html/static/js/lib/ace/src-min-noconflict/snippets/ada.js  
  inflating: /var/www/html/static/js/lib/ace/src-min-noconflict/snippets/lua.js  
  inflating: /var/www/html/static/js/lib/ace/src-min-noconflict/snippets/django.js  
  inflating: /var/www/html/static/js/lib/ace/src-min-noconflict/snippets/lisp.js  
  inflating: /var/www/html/static/js/lib/ace/src-min-noconflict/snippets/xquery.js  
  inflating: /var/www/html/static/js/lib/ace/src-min-noconflict/snippets/properties.js  
  inflating: /var/www/html/static/js/lib/ace/src-min-noconflict/snippets/c9search.js  
  inflating: /var/www/html/static/js/lib/ace/src-min-noconflict/snippets/soy_template.js  
  inflating: /var/www/html/static/js/lib/ace/src-min-noconflict/snippets/tsx.js  
  inflating: /var/www/html/static/js/lib/ace/src-min-noconflict/snippets/cobol.js  
  inflating: /var/www/html/static/js/lib/ace/src-min-noconflict/snippets/tex.js  
  inflating: /var/www/html/static/js/lib/ace/src-min-noconflict/snippets/html_elixir.js  
  inflating: /var/www/html/static/js/lib/ace/src-min-noconflict/snippets/haskell_cabal.js  
  inflating: /var/www/html/static/js/lib/ace/src-min-noconflict/snippets/r.js  
  inflating: /var/www/html/static/js/lib/ace/src-min-noconflict/snippets/ejs.js  
  inflating: /var/www/html/static/js/lib/ace/src-min-noconflict/snippets/mushcode.js  
  inflating: /var/www/html/static/js/lib/ace/src-min-noconflict/snippets/nix.js  
  inflating: /var/www/html/static/js/lib/ace/src-min-noconflict/snippets/jade.js  
  inflating: /var/www/html/static/js/lib/ace/src-min-noconflict/snippets/handlebars.js  
  inflating: /var/www/html/static/js/lib/ace/src-min-noconflict/snippets/csound_score.js  
  inflating: /var/www/html/static/js/lib/ace/src-min-noconflict/snippets/erlang.js  
  inflating: /var/www/html/static/js/lib/ace/src-min-noconflict/snippets/sqlserver.js  
  inflating: /var/www/html/static/js/lib/ace/src-min-noconflict/snippets/ocaml.js  
  inflating: /var/www/html/static/js/lib/ace/src-min-noconflict/snippets/abap.js  
  inflating: /var/www/html/static/js/lib/ace/src-min-noconflict/snippets/fortran.js  
  inflating: /var/www/html/static/js/lib/ace/src-min-noconflict/snippets/elm.js  
  inflating: /var/www/html/static/js/lib/ace/src-min-noconflict/snippets/jssm.js  
  inflating: /var/www/html/static/js/lib/ace/src-min-noconflict/snippets/hjson.js  
  inflating: /var/www/html/static/js/lib/ace/src-min-noconflict/snippets/jsp.js  
  inflating: /var/www/html/static/js/lib/ace/src-min-noconflict/snippets/haskell.js  
  inflating: /var/www/html/static/js/lib/ace/src-min-noconflict/snippets/rdoc.js  
  inflating: /var/www/html/static/js/lib/ace/src-min-noconflict/snippets/latex.js  
  inflating: /var/www/html/static/js/lib/ace/src-min-noconflict/snippets/julia.js  
  inflating: /var/www/html/static/js/lib/ace/src-min-noconflict/snippets/jsoniq.js  
  inflating: /var/www/html/static/js/lib/ace/src-min-noconflict/snippets/javascript.js  
  inflating: /var/www/html/static/js/lib/ace/src-min-noconflict/snippets/textile.js  
  inflating: /var/www/html/static/js/lib/ace/src-min-noconflict/snippets/nsis.js  
  inflating: /var/www/html/static/js/lib/ace/src-min-noconflict/snippets/lean.js  
  inflating: /var/www/html/static/js/lib/ace/src-min-noconflict/snippets/protobuf.js  
  inflating: /var/www/html/static/js/lib/ace/src-min-noconflict/snippets/dot.js  
  inflating: /var/www/html/static/js/lib/ace/src-min-noconflict/snippets/space.js  
  inflating: /var/www/html/static/js/lib/ace/src-min-noconflict/snippets/sjs.js  
  inflating: /var/www/html/static/js/lib/ace/src-min-noconflict/snippets/less.js  
  inflating: /var/www/html/static/js/lib/ace/src-min-noconflict/snippets/coffee.js  
  inflating: /var/www/html/static/js/lib/ace/src-min-noconflict/snippets/praat.js  
  inflating: /var/www/html/static/js/lib/ace/src-min-noconflict/snippets/asciidoc.js  
  inflating: /var/www/html/static/js/lib/ace/src-min-noconflict/snippets/razor.js  
  inflating: /var/www/html/static/js/lib/ace/src-min-noconflict/snippets/php.js  
  inflating: /var/www/html/static/js/lib/ace/src-min-noconflict/snippets/ini.js  
  inflating: /var/www/html/static/js/lib/ace/src-min-noconflict/snippets/sql.js  
  inflating: /var/www/html/static/js/lib/ace/src-min-noconflict/snippets/ftl.js  
  inflating: /var/www/html/static/js/lib/ace/src-min-noconflict/snippets/mysql.js  
  inflating: /var/www/html/static/js/lib/ace/src-min-noconflict/snippets/toml.js  
  inflating: /var/www/html/static/js/lib/ace/src-min-noconflict/snippets/scala.js  
  inflating: /var/www/html/static/js/lib/ace/src-min-noconflict/snippets/rust.js  
  inflating: /var/www/html/static/js/lib/ace/src-min-noconflict/snippets/groovy.js  
  inflating: /var/www/html/static/js/lib/ace/src-min-noconflict/snippets/abc.js  
  inflating: /var/www/html/static/js/lib/ace/src-min-noconflict/snippets/live_script.js  
  inflating: /var/www/html/static/js/lib/ace/src-min-noconflict/snippets/apache_conf.js  
  inflating: /var/www/html/static/js/lib/ace/src-min-noconflict/snippets/scad.js  
  inflating: /var/www/html/static/js/lib/ace/src-min-noconflict/snippets/batchfile.js  
  inflating: /var/www/html/static/js/lib/ace/src-min-noconflict/snippets/gcode.js  
  inflating: /var/www/html/static/js/lib/ace/src-min-noconflict/snippets/csound_orchestra.js  
  inflating: /var/www/html/static/js/lib/ace/src-min-noconflict/snippets/scheme.js  
  inflating: /var/www/html/static/js/lib/ace/src-min-noconflict/snippets/rst.js  
  inflating: /var/www/html/static/js/lib/ace/src-min-noconflict/snippets/autohotkey.js  
  inflating: /var/www/html/static/js/lib/ace/src-min-noconflict/snippets/haxe.js  
  inflating: /var/www/html/static/js/lib/ace/src-min-noconflict/snippets/clojure.js  
  inflating: /var/www/html/static/js/lib/ace/src-min-noconflict/snippets/swig.js  
  inflating: /var/www/html/static/js/lib/ace/src-min-noconflict/snippets/velocity.js  
  inflating: /var/www/html/static/js/lib/ace/src-min-noconflict/snippets/wollok.js  
  inflating: /var/www/html/static/js/lib/ace/src-min-noconflict/snippets/json.js  
  inflating: /var/www/html/static/js/lib/ace/src-min-noconflict/snippets/csharp.js  
  inflating: /var/www/html/static/js/lib/ace/src-min-noconflict/snippets/tcl.js  
  inflating: /var/www/html/static/js/lib/ace/src-min-noconflict/snippets/eiffel.js  
  inflating: /var/www/html/static/js/lib/ace/src-min-noconflict/snippets/stylus.js  
  inflating: /var/www/html/static/js/lib/ace/src-min-noconflict/snippets/maze.js  
  inflating: /var/www/html/static/js/lib/ace/src-min-noconflict/snippets/svg.js  
  inflating: /var/www/html/static/js/lib/ace/src-min-noconflict/snippets/elixir.js  
  inflating: /var/www/html/static/js/lib/ace/src-min-noconflict/snippets/twig.js  
  inflating: /var/www/html/static/js/lib/ace/src-min-noconflict/snippets/lsl.js  
  inflating: /var/www/html/static/js/lib/ace/src-min-noconflict/snippets/vbscript.js  
  inflating: /var/www/html/static/js/lib/ace/src-min-noconflict/snippets/forth.js  
  inflating: /var/www/html/static/js/lib/ace/src-min-noconflict/snippets/css.js  
  inflating: /var/www/html/static/js/lib/ace/src-min-noconflict/snippets/luapage.js  
  inflating: /var/www/html/static/js/lib/ace/src-min-noconflict/snippets/yaml.js  
  inflating: /var/www/html/static/js/lib/ace/src-min-noconflict/snippets/gitignore.js  
  inflating: /var/www/html/static/js/lib/ace/src-min-noconflict/snippets/pascal.js  
  inflating: /var/www/html/static/js/lib/ace/src-min-noconflict/snippets/turtle.js  
  inflating: /var/www/html/static/js/lib/ace/src-min-noconflict/snippets/vala.js  
  inflating: /var/www/html/static/js/lib/ace/src-min-noconflict/snippets/kotlin.js  
  inflating: /var/www/html/static/js/lib/ace/src-min-noconflict/snippets/golang.js  
  inflating: /var/www/html/static/js/lib/ace/src-min-noconflict/snippets/diff.js  
  inflating: /var/www/html/static/js/lib/ace/src-min-noconflict/snippets/snippets.js  
  inflating: /var/www/html/static/js/lib/ace/src-min-noconflict/snippets/makefile.js  
  inflating: /var/www/html/static/js/lib/ace/src-min-noconflict/snippets/python.js  
  inflating: /var/www/html/static/js/lib/ace/src-min-noconflict/snippets/assembly_x86.js  
  inflating: /var/www/html/static/js/lib/ace/src-min-noconflict/snippets/dockerfile.js  
  inflating: /var/www/html/static/js/lib/ace/src-min-noconflict/snippets/text.js  
  inflating: /var/www/html/static/js/lib/ace/src-min-noconflict/snippets/actionscript.js  
  inflating: /var/www/html/static/js/lib/ace/src-min-noconflict/snippets/swift.js  
  inflating: /var/www/html/static/js/lib/ace/src-min-noconflict/snippets/pig.js  
  inflating: /var/www/html/static/js/lib/ace/src-min-noconflict/snippets/markdown.js  
  inflating: /var/www/html/static/js/lib/ace/src-min-noconflict/snippets/scss.js  
  inflating: /var/www/html/static/js/lib/ace/src-min-noconflict/snippets/mel.js  
  inflating: /var/www/html/static/js/lib/ace/src-min-noconflict/snippets/bro.js  
  inflating: /var/www/html/static/js/lib/ace/src-min-noconflict/mode-typescript.js  
  inflating: /var/www/html/static/js/lib/ace/src-min-noconflict/worker-css.js  
  inflating: /var/www/html/static/js/lib/ace/src-min-noconflict/theme-cobalt.js  
  inflating: /var/www/html/static/js/lib/ace/src-min-noconflict/worker-coffee.js  
  inflating: /var/www/html/static/js/lib/ace/src-min-noconflict/mode-turtle.js  
  inflating: /var/www/html/static/js/lib/ace/src-min-noconflict/mode-html.js  
  inflating: /var/www/html/static/js/lib/ace/src-min-noconflict/mode-eiffel.js  
  inflating: /var/www/html/static/js/lib/ace/src-min-noconflict/mode-stylus.js  
  inflating: /var/www/html/static/js/lib/ace/src-min-noconflict/theme-eclipse.js  
  inflating: /var/www/html/static/js/lib/ace/src-min-noconflict/mode-io.js  
  inflating: /var/www/html/static/js/lib/ace/src-min-noconflict/ext-emmet.js  
  inflating: /var/www/html/static/js/lib/ace/src-min-noconflict/ext-chromevox.js  
  inflating: /var/www/html/static/js/lib/ace/src-min-noconflict/mode-csharp.js  
  inflating: /var/www/html/static/js/lib/ace/src-min-noconflict/mode-perl.js  
  inflating: /var/www/html/static/js/lib/ace/src-min-noconflict/theme-dawn.js  
  inflating: /var/www/html/static/js/lib/ace/src-min-noconflict/ext-textarea.js  
  inflating: /var/www/html/static/js/lib/ace/src-min-noconflict/mode-elixir.js  
  inflating: /var/www/html/static/js/lib/ace/src-min-noconflict/mode-vhdl.js  
  inflating: /var/www/html/static/js/lib/ace/src-min-noconflict/mode-xml.js  
  inflating: /var/www/html/static/js/lib/ace/src-min-noconflict/mode-sh.js  
  inflating: /var/www/html/static/js/lib/ace/src-min-noconflict/theme-solarized_light.js  
  inflating: /var/www/html/static/js/lib/ace/src-min-noconflict/mode-cobol.js  
  inflating: /var/www/html/static/js/lib/ace/src-min-noconflict/theme-chaos.js  
  inflating: /var/www/html/static/js/lib/ace/src-min-noconflict/mode-graphqlschema.js  
  inflating: /var/www/html/static/js/lib/ace/src-min-noconflict/worker-javascript.js  
  inflating: /var/www/html/static/js/lib/ace/src-min-noconflict/worker-json.js  
  inflating: /var/www/html/static/js/lib/ace/src-min-noconflict/keybinding-emacs.js  
  inflating: /var/www/html/static/js/lib/ace/src-min-noconflict/theme-monokai.js  
  inflating: /var/www/html/static/js/lib/ace/src-min-noconflict/mode-live_script.js  
  inflating: /var/www/html/static/js/lib/ace/src-min-noconflict/mode-apache_conf.js  
  inflating: /var/www/html/static/js/lib/ace/src-min-noconflict/mode-livescript.js  
  inflating: /var/www/html/static/js/lib/ace/src-min-noconflict/ext-error_marker.js  
  inflating: /var/www/html/static/js/lib/ace/src-min-noconflict/theme-github.js  
  inflating: /var/www/html/static/js/lib/ace/src-min-noconflict/mode-verilog.js  
  inflating: /var/www/html/static/js/lib/ace/src-min-noconflict/mode-golang.js  
  inflating: /var/www/html/static/js/lib/ace/src-min-noconflict/mode-ocaml.js  
  inflating: /var/www/html/static/js/lib/ace/src-min-noconflict/mode-kotlin.js  
  inflating: /var/www/html/static/js/lib/ace/src-min-noconflict/ext-searchbox.js  
  inflating: /var/www/html/static/js/lib/ace/src-min-noconflict/ext-old_ie.js  
  inflating: /var/www/html/static/js/lib/ace/src-min-noconflict/mode-jsx.js  
  inflating: /var/www/html/static/js/lib/ace/src-min-noconflict/theme-merbivore_soft.js  
  inflating: /var/www/html/static/js/lib/ace/src-min-noconflict/ext-static_highlight.js  
  inflating: /var/www/html/static/js/lib/ace/src-min-noconflict/theme-katzenmilch.js  
  inflating: /var/www/html/static/js/lib/ace/src-min-noconflict/theme-chrome.js  
  inflating: /var/www/html/static/js/lib/ace/src-min-noconflict/mode-dart.js  
  inflating: /var/www/html/static/js/lib/ace/src-min-noconflict/theme-tomorrow.js  
  inflating: /var/www/html/static/js/lib/ace/src-min-noconflict/mode-python.js  
  inflating: /var/www/html/static/js/lib/ace/src-min-noconflict/mode-ruby.js  
  inflating: /var/www/html/static/js/lib/ace/src-min-noconflict/mode-mips_assembler.js  
  inflating: /var/www/html/static/js/lib/ace/src-min-noconflict/theme-clouds_midnight.js  
  inflating: /var/www/html/static/js/lib/ace/src-min-noconflict/mode-sass.js  
  inflating: /var/www/html/static/js/lib/ace/src-min-noconflict/mode-c9search.js  
  inflating: /var/www/html/static/js/lib/ace/src-min-noconflict/worker-phhp.js  
  inflating: /var/www/html/static/js/lib/ace/src-min-noconflict/mode-actionscript.js  
  inflating: /var/www/html/static/js/lib/ace/src-min-noconflict/mode-coffee.js  
  inflating: /var/www/html/static/js/lib/ace/src-min-noconflict/mode-coldfusion.js  
  inflating: /var/www/html/static/js/lib/ace/src-min-noconflict/mode-cirru.js  
  inflating: /var/www/html/static/js/lib/ace/src-min-noconflict/mode-objectivec.js  
  inflating: /var/www/html/static/js/lib/ace/src-min-noconflict/mode-tsx.js  
  inflating: /var/www/html/static/js/lib/ace/src-min-noconflict/ext-spellcheck.js  
  inflating: /var/www/html/static/js/lib/ace/src-min-noconflict/mode-rhtml.js  
  inflating: /var/www/html/static/js/lib/ace/src-min-noconflict/theme-tomorrow_night_blue.js  
  inflating: /var/www/html/static/js/lib/ace/src-min-noconflict/mode-tex.js  
  inflating: /var/www/html/static/js/lib/ace/src-min-noconflict/mode-ejs.js  
  inflating: /var/www/html/static/js/lib/ace/src-min-noconflict/mode-jsoniq.js  
  inflating: /var/www/html/static/js/lib/ace/src-min-noconflict/theme-gob.js  
  inflating: /var/www/html/static/js/lib/ace/src-min-noconflict/theme-gruvbox.js  
  inflating: /var/www/html/static/js/lib/ace/src-min-noconflict/theme-xcode.js  
  inflating: /var/www/html/static/js/lib/ace/src-min-noconflict/theme-textmate.js  
  inflating: /var/www/html/static/js/lib/ace/src-min-noconflict/mode-mushcode.js  
  inflating: /var/www/html/static/js/lib/ace/src-min-noconflict/theme-iplastic.js  
  inflating: /var/www/html/static/js/lib/ace/src-min-noconflict/mode-nix.js  
  inflating: /var/www/html/static/js/lib/ace/src-min-noconflict/mode-java.js  
  inflating: /var/www/html/static/js/lib/ace/src-min-noconflict/mode-r.js  
  inflating: /var/www/html/static/js/lib/ace/src-min-noconflict/mode-haskell_cabal.js  
  inflating: /var/www/html/static/js/lib/ace/src-min-noconflict/mode-c_cpp.js  
  inflating: /var/www/html/static/js/lib/ace/src-min-noconflict/mode-glsl.js  
  inflating: /var/www/html/static/js/lib/ace/src-min-noconflict/mode-mask.js  
  inflating: /var/www/html/static/js/lib/ace/src-min-noconflict/mode-gherkin.js  
  inflating: /var/www/html/static/js/lib/ace/src-min-noconflict/mode-plain_text.js  
  inflating: /var/www/html/static/js/lib/ace/src-min-noconflict/mode-assembly_x86.js  
  inflating: /var/www/html/static/js/lib/ace/src-min-noconflict/theme-crimson_editor.js  
  inflating: /var/www/html/static/js/lib/ace/src-min-noconflict/mode-mipsassembler.js  
  inflating: /var/www/html/static/js/lib/ace/src-min-noconflict/mode-scheme.js  
  inflating: /var/www/html/static/js/lib/ace/src-min-noconflict/theme-tomorrow_night_bright.js  
  inflating: /var/www/html/static/js/lib/ace/src-min-noconflict/mode-lisp.js  
  inflating: /var/www/html/static/js/lib/ace/src-min-noconflict/mode-wollok.js  
  inflating: /var/www/html/static/js/lib/ace/src-min-noconflict/ace.js  
  inflating: /var/www/html/static/js/lib/ace/src-min-noconflict/mode-handlebars.js  
  inflating: /var/www/html/static/js/lib/ace/src-min-noconflict/keybinding-vim.js  
  inflating: /var/www/html/static/js/lib/ace/src-min-noconflict/mode-groovy.js  
  inflating: /var/www/html/static/js/lib/ace/src-min-noconflict/ext-linking.js  
  inflating: /var/www/html/static/js/lib/ace/src-min-noconflict/ext-modelist.js  
  inflating: /var/www/html/static/js/lib/ace/src-min-noconflict/mode-ada.js  
  inflating: /var/www/html/static/js/lib/ace/src-min-noconflict/mode-properties.js  
  inflating: /var/www/html/static/js/lib/ace/src-min-noconflict/mode-curly.js  
  inflating: /var/www/html/static/js/lib/ace/src-min-noconflict/theme-mono_industrial.js  
  inflating: /var/www/html/static/js/lib/ace/src-min-noconflict/mode-pgsql.js  
  inflating: /var/www/html/static/js/lib/ace/src-min-noconflict/mode-jade.js  
  inflating: /var/www/html/static/js/lib/ace/src-min-noconflict/mode-lua.js  
  inflating: /var/www/html/static/js/lib/ace/src-min-noconflict/mode-batchfile.js  
  inflating: /var/www/html/static/js/lib/ace/src-min-noconflict/theme-merbivore.js  
  inflating: /var/www/html/static/js/lib/ace/src-min-noconflict/theme-sqlserver.js  
  inflating: /var/www/html/static/js/lib/ace/src-min-noconflict/mode-lucene.js  
  inflating: /var/www/html/static/js/lib/ace/src-min-noconflict/mode-ftl.js  
  inflating: /var/www/html/static/js/lib/ace/src-min-noconflict/theme-idle_fingers.js  
  inflating: /var/www/html/static/js/lib/ace/src-min-noconflict/worker-lua.js  
  inflating: /var/www/html/static/js/lib/ace/src-min-noconflict/ext-beautify.js  
  inflating: /var/www/html/static/js/lib/ace/src-min-noconflict/mode-abc.js  
  inflating: /var/www/html/static/js/lib/ace/src-min-noconflict/mode-lean.js  
  inflating: /var/www/html/static/js/lib/ace/src-min-noconflict/mode-nsis.js  
  inflating: /var/www/html/static/js/lib/ace/src-min-noconflict/mode-sparql.js  
  inflating: /var/www/html/static/js/lib/ace/src-min-noconflict/ext-themelist.js  
  inflating: /var/www/html/static/js/lib/ace/src-min-noconflict/mode-jssm.js  
  inflating: /var/www/html/static/js/lib/ace/src-min-noconflict/mode-abap.js  
  inflating: /var/www/html/static/js/lib/ace/src-min-noconflict/mode-rdoc.js  
  inflating: /var/www/html/static/js/lib/ace/src-min-noconflict/mode-django.js  
  inflating: /var/www/html/static/js/lib/ace/src-min-noconflict/mode-haskell.js  
  inflating: /var/www/html/static/js/lib/ace/src-min-noconflict/mode-fortran.js  
  inflating: /var/www/html/static/js/lib/ace/src-min-noconflict/mode-rst.js  
  inflating: /var/www/html/static/js/lib/ace/src-min-noconflict/mode-javascript.js  
  inflating: /var/www/html/static/js/lib/ace/src-min-noconflict/mode-velocity.js  
  inflating: /var/www/html/static/js/lib/ace/src-min-noconflict/mode-textile.js  
  inflating: /var/www/html/static/js/lib/ace/src-min-noconflict/mode-csound_document.js  
  inflating: /var/www/html/static/js/lib/ace/src-min-noconflict/mode-less.js  
  inflating: /var/www/html/static/js/lib/ace/src-min-noconflict/worker-html.js  
  inflating: /var/www/html/static/js/lib/ace/src-min-noconflict/mode-forth.js  
  inflating: /var/www/html/static/js/lib/ace/src-min-noconflict/ext-language_tools.js  
  inflating: /var/www/html/static/js/lib/ace/src-min-noconflict/mode-drools.js  
  inflating: /var/www/html/static/js/lib/ace/src-min-noconflict/mode-autohotkey.js  
  inflating: /var/www/html/static/js/lib/ace/src-min-noconflict/mode-elm.js  
  inflating: /var/www/html/static/js/lib/ace/src-min-noconflict/mode-jsp.js  
  inflating: /var/www/html/static/js/lib/ace/src-min-noconflict/mode-clojure.js  
  inflating: /var/www/html/static/js/lib/ace/src-min-noconflict/theme-ambiance.js  
  inflating: /var/www/html/static/js/lib/ace/src-min-noconflict/ext-statusbar.js  
  inflating: /var/www/html/static/js/lib/ace/src-min-noconflict/mode-rust.js  
  inflating: /var/www/html/static/js/lib/ace/src-min-noconflict/mode-protobuf.js  
  inflating: /var/www/html/static/js/lib/ace/src-min-noconflict/mode-scad.js  
  inflating: /var/www/html/static/js/lib/ace/src-min-noconflict/mode-sqlserver.js  
  inflating: /var/www/html/static/js/lib/ace/src-min-noconflict/mode-erlang.js  
  inflating: /var/www/html/static/js/lib/ace/src-min-noconflict/mode-toml.js  
  inflating: /var/www/html/static/js/lib/ace/src-min-noconflict/mode-dot.js  
  inflating: /var/www/html/static/js/lib/ace/src-min-noconflict/mode-xquery.js  
  inflating: /var/www/html/static/js/lib/ace/src-min-noconflict/mode-sjs.js  
  inflating: /var/www/html/static/js/lib/ace/src-min-noconflict/ext-elastic_tabstops_lite.js  
  inflating: /var/www/html/static/js/lib/ace/src-min-noconflict/mode-json.js  
  inflating: /var/www/html/static/js/lib/ace/src-min-noconflict/theme-kuroir.js  
  inflating: /var/www/html/static/js/lib/ace/src-min-noconflict/mode-swig.js  
  inflating: /var/www/html/static/js/lib/ace/src-min-noconflict/mode-swift.js  
  inflating: /var/www/html/static/js/lib/ace/src-min-noconflict/mode-haxe.js  
  inflating: /var/www/html/static/js/lib/ace/src-min-noconflict/theme-pastel_on_dark.js  
  inflating: /var/www/html/static/js/lib/ace/src-min-noconflict/mode-asciidoc.js  
  inflating: /var/www/html/static/js/lib/ace/src-min-noconflict/mode-sql.js  
  inflating: /var/www/html/static/js/lib/ace/src-min-noconflict/mode-ini.js  
  inflating: /var/www/html/static/js/lib/ace/src-min-noconflict/mode-prolog.js  
  inflating: /var/www/html/static/js/lib/ace/src-min-noconflict/theme-kr_theme.js  
  inflating: /var/www/html/static/js/lib/ace/src-min-noconflict/theme-twilight.js  
  inflating: /var/www/html/static/js/lib/ace/src-min-noconflict/theme-solarized_dark.js  
  inflating: /var/www/html/static/js/lib/ace/src-min-noconflict/mode-luapage.js  
  inflating: /var/www/html/static/js/lib/ace/src-min-noconflict/mode-liquid.js  
  inflating: /var/www/html/static/js/lib/ace/src-min-noconflict/ext-split.js  
  inflating: /var/www/html/static/js/lib/ace/src-min-noconflict/mode-twig.js  
  inflating: /var/www/html/static/js/lib/ace/src-min-noconflict/mode-latex.js  
  inflating: /var/www/html/static/js/lib/ace/src-min-noconflict/mode-julia.js  
  inflating: /var/www/html/static/js/lib/ace/src-min-noconflict/mode-csound_score.js  
  inflating: /var/www/html/static/js/lib/ace/src-min-noconflict/mode-maze.js  
  inflating: /var/www/html/static/js/lib/ace/src-min-noconflict/mode-snippets.js  
  inflating: /var/www/html/static/js/lib/ace/src-min-noconflict/mode-hjson.js  
  inflating: /var/www/html/static/js/lib/ace/src-min-noconflict/mode-makefile.js  
  inflating: /var/www/html/static/js/lib/ace/src-min-noconflict/mode-vala.js  
  inflating: /var/www/html/static/js/lib/ace/src-min-noconflict/mode-razor.js  
  inflating: /var/www/html/static/js/lib/ace/src-min-noconflict/mode-phhp.js  
  inflating: /var/www/html/static/js/lib/ace/src-min-noconflict/mode-soy_template.js  
  inflating: /var/www/html/static/js/lib/ace/src-min-noconflict/theme-tomorrow_night.js  
  inflating: /var/www/html/static/js/lib/ace/src-min-noconflict/mode-praat.js  
  inflating: /var/www/html/static/js/lib/ace/src-min-noconflict/mode-pig.js  
  inflating: /var/www/html/static/js/lib/ace/src-min-noconflict/mode-yaml.js  
  inflating: /var/www/html/static/js/lib/ace/src-min-noconflict/mode-mel.js  
  inflating: /var/www/html/static/js/lib/ace/src-min-noconflict/mode-applescript.js  
  inflating: /var/www/html/static/js/lib/ace/src-min-noconflict/mode-bro.js  
  inflating: /var/www/html/static/js/lib/ace/src-min-noconflict/mode-html_ruby.js  
  inflating: /var/www/html/static/js/lib/ace/src-min-noconflict/mode-space.js  
  inflating: /var/www/html/static/js/lib/ace/src-min-noconflict/mode-markdown.js  
  inflating: /var/www/html/static/js/lib/ace/src-min-noconflict/mode-tcl.js  
  inflating: /var/www/html/static/js/lib/ace/src-min-noconflict/mode-gcode.js  
  inflating: /var/www/html/static/js/lib/ace/src-min-noconflict/ext-keybinding_menu.js  
  inflating: /var/www/html/static/js/lib/ace/src-min-noconflict/worker-xml.js  
  inflating: /var/www/html/static/js/lib/ace/src-min-noconflict/mode-html_elixir.js  
  inflating: /var/www/html/static/js/lib/ace/src-min-noconflict/mode-svg.js  
  inflating: /var/www/html/static/js/lib/ace/src-min-noconflict/theme-terminal.js  
  inflating: /var/www/html/static/js/lib/ace/src-min-noconflict/theme-dracula.js  
  inflating: /var/www/html/static/js/lib/ace/src-min-noconflict/mode-matlab.js  
  inflating: /var/www/html/static/js/lib/ace/src-min-noconflict/mode-scala.js  
  inflating: /var/www/html/static/js/lib/ace/src-min-noconflict/mode-csound_orchestra.js  
  inflating: /var/www/html/static/js/lib/ace/src-min-noconflict/mode-diff.js  
  inflating: /var/www/html/static/js/lib/ace/src-min-noconflict/mode-vbscript.js  
  inflating: /var/www/html/static/js/lib/ace/src-min-noconflict/mode-lsl.js  
  inflating: /var/www/html/static/js/lib/ace/src-min-noconflict/ext-whitespace.js  
  inflating: /var/www/html/static/js/lib/ace/src-min-noconflict/mode-mysql.js  
  inflating: /var/www/html/static/js/lib/ace/src-min-noconflict/mode-scss.js  
  inflating: /var/www/html/static/js/lib/ace/src-min-noconflict/mode-gobstones.js  
  inflating: /var/www/html/static/js/lib/ace/src-min-noconflict/mode-css.js  
  inflating: /var/www/html/static/js/lib/ace/src-min-noconflict/theme-vibrant_ink.js  
  inflating: /var/www/html/static/js/lib/ace/src-min-noconflict/mode-smarty.js  
  inflating: /var/www/html/static/js/lib/ace/src-min-noconflict/mode-logiql.js  
  inflating: /var/www/html/static/js/lib/ace/src-min-noconflict/theme-tomorrow_night_eighties.js  
  inflating: /var/www/html/static/js/lib/ace/src-min-noconflict/ext-settings_menu.js  
  inflating: /var/www/html/static/js/lib/ace/src-min-noconflict/theme-dreamweaver.js  
  inflating: /var/www/html/static/js/lib/ace/src-min-noconflict/mode-dockerfile.js  
  inflating: /var/www/html/static/js/lib/ace/src-min-noconflict/worker-xquery.js  
  inflating: /var/www/html/static/js/lib/ace/src-min-noconflict/mode-text.js  
   creating: /var/www/html/static/js/lib/seajs/
  inflating: /var/www/html/static/js/lib/seajs/sea.js  
   creating: /var/www/html/static/others/
   creating: /var/www/html/static/others/newfile-tpl/
  inflating: /var/www/html/static/others/newfile-tpl/newfile.pptx  
  inflating: /var/www/html/static/others/newfile-tpl/newfile.docx  
  inflating: /var/www/html/static/others/newfile-tpl/newfile.php  
  inflating: /var/www/html/static/others/newfile-tpl/newfile.xlsx  
  inflating: /var/www/html/static/others/newfile-tpl/newfile.html  
   creating: /var/www/html/static/others/sound/
  inflating: /var/www/html/static/others/sound/drag_drop.mp3  
  inflating: /var/www/html/static/others/sound/window_min.mp3  
  inflating: /var/www/html/static/others/sound/file_remove.mp3  
  inflating: /var/www/html/static/others/sound/folder_open.mp3  
  inflating: /var/www/html/static/others/sound/drag_upload.mp3  
  inflating: /var/www/html/static/others/sound/error_tips.mp3  
  inflating: /var/www/html/static/others/sound/recycle_clear.mp3  
   creating: /var/www/html/static/style/
   creating: /var/www/html/static/style/skin/
  inflating: /var/www/html/static/style/skin/win7.css  
  inflating: /var/www/html/static/style/skin/alpha_image.css  
  inflating: /var/www/html/static/style/skin/metro_pink.css  
  inflating: /var/www/html/static/style/skin/win10.css  
  inflating: /var/www/html/static/style/skin/metro.css  
  inflating: /var/www/html/static/style/skin/mac.css  
  inflating: /var/www/html/static/style/skin/alpha_image_sky.css  
  inflating: /var/www/html/static/style/skin/alpha_image_sun.css  
  inflating: /var/www/html/static/style/skin/metro_purple.css  
  inflating: /var/www/html/static/style/skin/metro_green.css  
  inflating: /var/www/html/static/style/skin/diy.css  
  inflating: /var/www/html/static/style/skin/metro_orange.css  
   creating: /var/www/html/static/style/skin/base/
  inflating: /var/www/html/static/style/skin/base/app_setting.css  
  inflating: /var/www/html/static/style/skin/base/app_explorer.css  
  inflating: /var/www/html/static/style/skin/base/app_editor.css  
  inflating: /var/www/html/static/style/skin/base/app_code_edit.css  
  inflating: /var/www/html/static/style/skin/base/common.css  
  inflating: /var/www/html/static/style/skin/base/fileIcon.css  
  inflating: /var/www/html/static/style/skin/base/app_desktop.css  
   creating: /var/www/html/static/style/wap/
  inflating: /var/www/html/static/style/wap/app_explorer.css  
  inflating: /var/www/html/static/style/wap/login.css  
  inflating: /var/www/html/static/style/login.css  
  inflating: /var/www/html/static/style/common.css  
   creating: /var/www/html/static/style/font/
   creating: /var/www/html/static/style/font/sourcecodepro/
  inflating: /var/www/html/static/style/font/sourcecodepro/SourceCodePro-Regular.otf.woff  
   creating: /var/www/html/static/style/font-awesome/
   creating: /var/www/html/static/style/font-awesome/css/
  inflating: /var/www/html/static/style/font-awesome/css/font-awesome.css  
  inflating: /var/www/html/static/style/font-awesome/css/font-awesome-ie7.css  
   creating: /var/www/html/static/style/font-awesome/font/
  inflating: /var/www/html/static/style/font-awesome/font/fontawesome-webfont.svg  
  inflating: /var/www/html/static/style/font-awesome/font/flag.png  
  inflating: /var/www/html/static/style/font-awesome/font/FontAwesome.otf  
  inflating: /var/www/html/static/style/font-awesome/font/fontawesome-webfont.ttf  
  inflating: /var/www/html/static/style/font-awesome/font/fontawesome-webfont.woff  
  inflating: /var/www/html/static/style/font-awesome/font/fontawesome-webfont.eot  
  inflating: /var/www/html/static/style/font-awesome/demo.html  
   creating: /var/www/html/data/
   creating: /var/www/html/data/temp/
  inflating: /var/www/html/data/temp/index.html  
   creating: /var/www/html/data/temp/thumb/
  inflating: /var/www/html/data/temp/thumb/index.html  
   creating: /var/www/html/data/Group/
  inflating: /var/www/html/data/Group/index.html  
   creating: /var/www/html/data/User/
  inflating: /var/www/html/data/User/index.html  
   creating: /var/www/html/data/system/
  inflating: /var/www/html/data/system/apps.php  
  inflating: /var/www/html/data/system/index.html  
  inflating: /var/www/html/data/system/desktop_app.php  
  inflating: /var/www/html/data/system/system_member.php  
  inflating: /var/www/html/data/system/system_role.php  
  inflating: /var/www/html/data/system/system_group.php  
   creating: /var/www/html/data/session/
  inflating: /var/www/html/data/session/index.html  
